[2016.11.08-13.07.30:566][  0]Log file open, 11/08/16 13:07:30
[2016.11.08-13.07.30:566][  0]LogInit:Display: Running engine for game: ConstructionMadness
[2016.11.08-13.07.30:566][  0]LogPlatformFile: Not using cached read wrapper
[2016.11.08-13.07.30:566][  0]LogInit:Display: RandInit(115850639) SRandInit(115850642).
[2016.11.08-13.07.30:566][  0]LogTaskGraph: Started task graph with 4 named threads and 5 total threads.
[2016.11.08-13.07.30:566][  0]LogStats: Stats thread started at 0.130919
[2016.11.08-13.07.30:566][  0]LogInit: Version: 4.10.2-2818068+++depot+UE4-Releases+4.10
[2016.11.08-13.07.30:566][  0]LogInit: API Version: 2758231
[2016.11.08-13.07.30:566][  0]LogInit: Compiled (64-bit): Jan  6 2016 17:36:42
[2016.11.08-13.07.30:566][  0]LogInit: Compiled with Visual C++: 19.00.23026.00
[2016.11.08-13.07.30:566][  0]LogInit: Build Configuration: Development
[2016.11.08-13.07.30:566][  0]LogInit: Branch Name: ++depot+UE4-Releases+4.10
[2016.11.08-13.07.30:566][  0]LogInit: Command line:  
[2016.11.08-13.07.30:566][  0]LogInit: Base directory: C:/Program Files (x86)/Epic Games/4.10/Engine/Binaries/Win64/
[2016.11.08-13.07.30:566][  0]LogInit: Rocket: 1
[2016.11.08-13.07.30:598][  0]LogInit: Using libcurl 7.41.0
[2016.11.08-13.07.30:598][  0]LogInit:  - built for x86_64-pc-win32
[2016.11.08-13.07.30:598][  0]LogInit:  - supports SSL with WinSSL
[2016.11.08-13.07.30:598][  0]LogInit:  - other features:
[2016.11.08-13.07.30:598][  0]LogInit:      CURL_VERSION_SSL
[2016.11.08-13.07.30:598][  0]LogInit:      CURL_VERSION_IPV6
[2016.11.08-13.07.30:598][  0]LogInit:      CURL_VERSION_ASYNCHDNS
[2016.11.08-13.07.30:598][  0]LogInit:      CURL_VERSION_LARGEFILE
[2016.11.08-13.07.30:598][  0]LogInit:      CURL_VERSION_IDN
[2016.11.08-13.07.30:598][  0]LogInit:  CurlRequestOptions (configurable via config and command line):
[2016.11.08-13.07.30:598][  0]LogInit:  - bVerifyPeer = true  - Libcurl will verify peer certificate
[2016.11.08-13.07.30:598][  0]LogInit:  - bUseHttpProxy = false  - Libcurl will NOT use HTTP proxy
[2016.11.08-13.07.30:598][  0]LogInit:  - bDontReuseConnections = false  - Libcurl will reuse connections
[2016.11.08-13.07.30:598][  0]LogInit:  - CertBundlePath = nullptr  - Libcurl will use whatever was configured at build time.
[2016.11.08-13.07.30:629][  0]LogInit: Presizing for 0 objects not considered by GC, pre-allocating 0 bytes.
[2016.11.08-13.07.30:649][  0]LogInit: Object subsystem initialized
[2016.11.08-13.07.30:650][  0]LogInit: Selected Device Profile: [Windows]
[2016.11.08-13.07.30:650][  0]LogInit: Applying CVar settings loaded from the selected device profile: [Windows]
[2016.11.08-13.07.30:698][  0]LogInit: Computer: LAPTOP-TCEGHJTQ
[2016.11.08-13.07.30:698][  0]LogInit: User: David
[2016.11.08-13.07.30:698][  0]LogInit: CPU Page size=4096, Cores=2
[2016.11.08-13.07.30:698][  0]LogInit: High frequency timer resolution =2.338335 MHz
[2016.11.08-13.07.30:698][  0]LogMemory: Memory total: Physical=15.9GB (16GB approx)
[2016.11.08-13.07.30:698][  0]LogMemory: Platform Memory Stats for Windows
[2016.11.08-13.07.30:698][  0]LogMemory: Process Physical Memory: 55.80 MB used, 55.80 MB peak
[2016.11.08-13.07.30:698][  0]LogMemory: Process Virtual Memory: 57.47 MB used, 57.47 MB peak
[2016.11.08-13.07.30:698][  0]LogMemory: Physical Memory: 3208.87 MB used, 16297.84 MB total
[2016.11.08-13.07.30:698][  0]LogMemory: Virtual Memory: 383.04 MB used, 134217728.00 MB total
[2016.11.08-13.07.31:007][  0]LogTextLocalizationManager: No specific translations for ('en-GB') exist, so ('en') translations will be used.
[2016.11.08-13.07.31:781][  0]LogD3D11RHI: Found D3D11 adapter 0: Intel(R) HD Graphics 5500 (Feature Level 11_0)
[2016.11.08-13.07.31:781][  0]LogD3D11RHI: Adapter has 128MB of dedicated video memory, 0MB of dedicated system memory, and 8148MB of shared system memory, 1 output[s]
[2016.11.08-13.07.32:423][  0]LogD3D11RHI: Found D3D11 adapter 1: AMD Radeon(TM) R9 M375 (Feature Level 11_0)
[2016.11.08-13.07.32:423][  0]LogD3D11RHI: Adapter has 4074MB of dedicated video memory, 0MB of dedicated system memory, and 8148MB of shared system memory, 0 output[s]
[2016.11.08-13.07.32:425][  0]LogD3D11RHI: Found D3D11 adapter 2: Microsoft Basic Render Driver (Feature Level 11_0)
[2016.11.08-13.07.32:425][  0]LogD3D11RHI: Adapter has 0MB of dedicated video memory, 0MB of dedicated system memory, and 8148MB of shared system memory, 0 output[s]
[2016.11.08-13.07.32:425][  0]LogD3D11RHI: Chosen D3D11 Adapter Id = 0
[2016.11.08-13.07.32:430][  0]LogD3D11RHI: !Direct3DDevice
[2016.11.08-13.07.32:430][  0]LogRHI: Texture pool is 1361 MB (70% of 1945 MB)
[2016.11.08-13.07.32:440][  0]LogD3D11RHI: Async texture creation enabled
[2016.11.08-13.07.32:451][  0]LogShaderCompilers: Guid format shader working directory is -31 characters bigger than the processId version (../../../../../../Users/David/Desktop/ConstructionMadness/ConstructionMadness/Intermediate/Shaders/WorkingDirectory/8948/).
[2016.11.08-13.07.32:451][  0]LogShaderCompilers: Cleaned the shader compiler working directory 'C:/Users/David/AppData/Local/Temp/UnrealShaderWorkingDir/156C3DD148081C112292D7BB90F76A7B/'.
[2016.11.08-13.07.32:451][  0]LogShaderCompilers:Display: Using Local Shader Compiler.
[2016.11.08-13.07.34:906][  0]LogTemp:Display: Loaded TP AllDesktopTargetPlatform
[2016.11.08-13.07.34:912][  0]LogTemp:Display: Loaded TP WindowsClientTargetPlatform
[2016.11.08-13.07.34:917][  0]LogTemp:Display: Loaded TP WindowsNoEditorTargetPlatform
[2016.11.08-13.07.34:922][  0]LogTemp:Display: Loaded TP WindowsServerTargetPlatform
[2016.11.08-13.07.34:927][  0]LogTemp:Display: Loaded TP WindowsTargetPlatform
[2016.11.08-13.07.34:934][  0]LogTemp:Display: Loaded TP AndroidTargetPlatform
[2016.11.08-13.07.34:937][  0]LogTemp:Display: Loaded TP Android_ASTCTargetPlatform
[2016.11.08-13.07.34:940][  0]LogTemp:Display: Loaded TP Android_ATCTargetPlatform
[2016.11.08-13.07.34:943][  0]LogTemp:Display: Loaded TP Android_DXTTargetPlatform
[2016.11.08-13.07.34:946][  0]LogTemp:Display: Loaded TP Android_ETC1TargetPlatform
[2016.11.08-13.07.34:950][  0]LogTemp:Display: Loaded TP Android_ETC2TargetPlatform
[2016.11.08-13.07.34:958][  0]LogTemp:Display: Loaded TP Android_MultiTargetPlatform
[2016.11.08-13.07.34:958][  0]LogTemp:Display: Loaded TP Android_PVRTCTargetPlatform
[2016.11.08-13.07.34:963][  0]LogTemp:Display: Loaded TP HTML5TargetPlatform
[2016.11.08-13.07.35:017][  0]LogTemp:Display: Loaded TP IOSTargetPlatform
[2016.11.08-13.07.35:020][  0]LogTemp:Display: Loaded TP LinuxNoEditorTargetPlatform
[2016.11.08-13.07.35:023][  0]LogTemp:Display: Loaded TP LinuxServerTargetPlatform
[2016.11.08-13.07.35:029][  0]LogTemp:Display: Loaded TP LinuxTargetPlatform
[2016.11.08-13.07.35:029][  0]LogTargetPlatformManager:Display: Building Assets For Windows
[2016.11.08-13.07.35:417][  0]LogDerivedDataCache:Display: Max Cache Size: 512 MB
[2016.11.08-13.07.36:383][  0]LogDerivedDataCache: Loaded boot cache 0.97s 41MB C:/Users/David/AppData/Local/UnrealEngine/4.10/DerivedDataCache/Boot.ddc.
[2016.11.08-13.07.36:383][  0]LogDerivedDataCache:Display: Loaded Boot cache: C:/Users/David/AppData/Local/UnrealEngine/4.10/DerivedDataCache/Boot.ddc
[2016.11.08-13.07.36:384][  0]LogDerivedDataCache: FDerivedDataBackendGraph:  Pak pak cache file ../../../../../../Users/David/Desktop/ConstructionMadness/ConstructionMadness/DerivedDataCache/DDC.ddp not found, will not use a pak cache.
[2016.11.08-13.07.36:384][  0]LogDerivedDataCache: Unable to find inner node Pak for hierarchical cache Hierarchy.
[2016.11.08-13.07.36:384][  0]LogDerivedDataCache: FDerivedDataBackendGraph:  CompressedPak pak cache file ../../../../../../Users/David/Desktop/ConstructionMadness/ConstructionMadness/DerivedDataCache/Compressed.ddp not found, will not use a pak cache.
[2016.11.08-13.07.36:384][  0]LogDerivedDataCache: Unable to find inner node CompressedPak for hierarchical cache Hierarchy.
[2016.11.08-13.07.36:508][  0]LogDerivedDataCache:Display: Pak cache opened for reading ../../../Engine/DerivedDataCache/Compressed.ddp.
[2016.11.08-13.07.36:520][  0]LogDerivedDataCache: Using Local data cache path C:/Users/David/AppData/Local/UnrealEngine/Common/DerivedDataCache: Writable
[2016.11.08-13.07.41:837][  0]LogInit: Selected Device Profile: [Windows]
[2016.11.08-13.07.41:849][  0]LogContentStreaming: Texture pool size is 0.000000MB
[2016.11.08-13.07.42:156][  0]LogMeshUtilities: No automatic mesh reduction module available
[2016.11.08-13.07.42:156][  0]LogMeshUtilities: No automatic mesh merging module available
[2016.11.08-13.07.43:161][  0]LogInit: WinSock: version 1.1 (2.2), MaxSocks=32767, MaxUdp=65467
[2016.11.08-13.07.48:160][  0]UdpMessaging: Initializing bridge on interface 0.0.0.0:0 to multicast group 230.0.0.1:6666.
[2016.11.08-13.07.48:424][  0]LogAssetRegistry: FAssetRegistry took 0.0107 seconds to start up
[2016.11.08-13.07.48:707][  0]SourceControl: Info Source control is disabled
[2016.11.08-13.07.48:708][  0]SourceControl: Info Source control is disabled
[2016.11.08-13.07.48:720][  0]SourceControl: Info Source control is disabled
[2016.11.08-13.07.48:732][  0]SourceControl: Info Source control is disabled
[2016.11.08-13.07.49:143][  0]LogObj: 28633 objects as part of root set at end of initial load.
[2016.11.08-13.07.49:143][  0]LogUObjectAllocator: 6099744 out of 0 bytes used by permanent object pool.
[2016.11.08-13.07.49:222][  0]LogEngine: Initializing Engine...
[2016.11.08-13.07.49:224][  0]LogHMD: Can't find Oculus library dev build: is proper Runtime installed? Version: 0.8.0.0
[2016.11.08-13.07.49:236][  0]LogHMD: SteamVR failed to initialize.  Err: 110
[2016.11.08-13.07.49:475][  0]LogAIModule: Creating AISystem for world NewWorld
[2016.11.08-13.07.49:485][  0]LogInit: XAudio2 using 'Speakers (Realtek High Definition Audio)' : 2 channels at 48 kHz using 32 bits per sample (channel mask 0x3)
[2016.11.08-13.07.49:525][  0]LogInit: FAudioDevice initialized.
[2016.11.08-13.07.49:547][  0]LogDerivedDataCache: Saved boot cache 0.02s 41MB C:/Users/David/AppData/Local/UnrealEngine/4.10/DerivedDataCache/Boot.ddc.
[2016.11.08-13.07.49:553][  0]LogInit: Texture streaming: Enabled
[2016.11.08-13.07.49:559][  0]LogAnalytics: Creating configured Analytics provider AnalyticsET
[2016.11.08-13.07.49:560][  0]LogAnalytics: [UEEditor.Rocket.Release] APIServer = http://et2.epicgames.com/ET2/. AppVersion = 4.10.2-2818068+++depot+UE4-Releases+4.10
[2016.11.08-13.07.49:560][  0]LogAnalytics: [UEEditor.Rocket.Release] SetUserId 51bad3324626f8b32aeb23b5d6210868|c381b92b33784ccaa7b778c4b0f76233|7a75b928-ee2d-4f84-b046-c4f65b0113e6
[2016.11.08-13.07.49:560][  0]LogAnalytics: [UEEditor.Rocket.Release] AnalyticsET::StartSession
[2016.11.08-13.07.49:571][  0]LogWindowsTextInputMethodSystem:Display: IME system now deactivated.
[2016.11.08-13.07.49:594][  0]LogInit: Transaction tracking system initialized
[2016.11.08-13.07.49:625][  0]BlueprintLog: New page: Editor Load
[2016.11.08-13.07.49:732][  0]LocalizationService: Info Localization service is disabled
[2016.11.08-13.07.50:013][  0]LogConsoleResponse:Display: 
[2016.11.08-13.07.50:417][  0]LogCook:Display: Done creating registry. It took  0.00s.
[2016.11.08-13.07.50:508][  0]LogFileCache: Scanning file cache for directory 'C:/Users/David/Desktop/ConstructionMadness/ConstructionMadness/Content/' took 0.04s
[2016.11.08-13.07.50:508][  0]SourceControl: Info Source control is disabled
[2016.11.08-13.07.50:508][  0]Cmd: MAP LOAD FILE="../../../../../../Users/David/Desktop/ConstructionMadness/ConstructionMadness/Content/David-Level.umap" TEMPLATE=0 SHOWPROGRESS=1 FEATURELEVEL=3
[2016.11.08-13.07.50:781][  0]LightingResults: New page: Lighting Build
[2016.11.08-13.07.50:798][  0]MapCheck: New page: Map Check
[2016.11.08-13.07.50:798][  0]LightingResults: New page: Lighting Build
[2016.11.08-13.07.50:829][  0]LogParticles: Destroying 0 GPU particle simulations for FXSystem 0x000002C71D2CE160
[2016.11.08-13.07.53:352][  0]LogAIModule: Creating AISystem for world David-Level
[2016.11.08-13.07.53:362][  0]LogEditorServer: Finished looking for orphan Actors (0.000 secs)
[2016.11.08-13.07.53:363][  0]Cmd: MAP CHECKDEP NOCLEARLOG
[2016.11.08-13.07.53:412][  0]MapCheck: Info Map check complete: 0 Error(s), 0 Warning(s), took 49.588ms to complete.
[2016.11.08-13.07.53:412][  0]LogFileHelpers: Loading map 'David-Level' took 2.904
[2016.11.08-13.07.53:713][  0]LogCollectionManager: Loaded 0 collections in 0.002645 seconds
[2016.11.08-13.07.53:753][  0]LogFileCache: Scanning file cache for directory 'C:/Users/David/Desktop/ConstructionMadness/ConstructionMadness/Saved/Collections/' took 0.01s
[2016.11.08-13.07.53:753][  0]LogFileCache: Scanning file cache for directory 'C:/Users/David/Desktop/ConstructionMadness/ConstructionMadness/Content/Developers/David/Collections/' took 0.01s
[2016.11.08-13.07.53:753][  0]LogFileCache: Scanning file cache for directory 'C:/Users/David/Desktop/ConstructionMadness/ConstructionMadness/Content/Collections/' took 0.01s
[2016.11.08-13.07.53:753][  0]LogCollectionManager: Rebuilt the GUID cache for 0 collections in 0.000002 seconds
[2016.11.08-13.07.53:762][  0]LogContentBrowser: Native class hierarchy populated in 0.0086 seconds. Added 1893 classes and 338 folders.
[2016.11.08-13.07.53:770][  0]LogContentBrowser: Native class hierarchy updated for 'WidgetCarousel' in 0.0004 seconds. Added 0 classes and 0 folders.
[2016.11.08-13.07.56:149][  0]LogContentBrowser: Native class hierarchy updated for 'AddContentDialog' in 0.0005 seconds. Added 0 classes and 0 folders.
[2016.11.08-13.07.56:155][  0]LogContentBrowser: Native class hierarchy updated for 'SceneOutliner' in 0.0005 seconds. Added 1 classes and 2 folders.
[2016.11.08-13.07.56:206][  0]LogCrashTracker: Crashtracker disabled due to settings.
[2016.11.08-13.07.56:211][  0]LogUObjectGlobals:Warning: Failed to find object 'Class None.'
[2016.11.08-13.07.56:233][  0]LogLoad: Full Startup: 27.58 seconds (BP compile: 0.18 seconds)
[2016.11.08-13.07.56:257][  0]LogOcInput: Can't find Oculus library dev build: is proper Runtime installed? Version: 0.8.0.0
[2016.11.08-13.07.56:863][  0]LogContentStreaming: Texture pool size now 400 MB
[2016.11.08-13.07.57:028][  0]LogRenderer: Reallocating scene render targets to support 1120x572 (Frame:2).
[2016.11.08-13.07.57:578][  5]LogAssetRegistry: Asset discovery search completed in 9.1650 seconds
[2016.11.08-13.07.57:578][  5]LogCollectionManager: Rebuilt the object cache for 0 collections in 0.000001 seconds (found 0 objects)
[2016.11.08-13.07.57:578][  5]LogCollectionManager: Fixed up redirectors for 0 collections in 0.000032 seconds (updated 0 objects)
[2016.11.08-13.09.01:611][130]LogBlueprintUserMessages: Early PlayInEditor Detection: Level '/Game/David-Level.David-Level:PersistentLevel' has LevelScriptBlueprint '/Game/David-Level.David-Level:PersistentLevel.David-Level' with GeneratedClass '/Game/David-Level.David-Level_C' with ClassGeneratedBy '/Game/David-Level.David-Level:PersistentLevel.David-Level'
[2016.11.08-13.09.01:611][130]LogPlayLevel: PlayLevel: No blueprints needed recompiling
[2016.11.08-13.09.01:611][130]PIE: New page: PIE session: David-Level (8 Nov 2016 13:09:01)
[2016.11.08-13.09.01:611][130]LogPlayLevel: Creating play world package: /Game/UEDPIE_0_David-Level
[2016.11.08-13.09.01:615][130]LogPlayLevel: PIE: StaticDuplicateObject took: (0.003898s)
[2016.11.08-13.09.01:616][130]LogAIModule: Creating AISystem for world David-Level
[2016.11.08-13.09.01:616][130]LogPlayLevel: PIE: World Init took: (0.000763s)
[2016.11.08-13.09.01:616][130]LogPlayLevel: PIE: Created PIE world by copying editor world from /Game/David-Level.David-Level to /Game/UEDPIE_0_David-Level.David-Level (0.004920s)
[2016.11.08-13.09.01:650][130]LogInit: XAudio2 using 'Speakers (Realtek High Definition Audio)' : 2 channels at 48 kHz using 32 bits per sample (channel mask 0x3)
[2016.11.08-13.09.01:660][130]LogInit: FAudioDevice initialized.
[2016.11.08-13.09.01:777][130]LogWorld: Game class is 'BuildGameMode_C'
[2016.11.08-13.09.01:783][130]LogWorld: Bringing World /Game/UEDPIE_0_David-Level.David-Level up for play (max tick rate 60) at 2016.11.08-13.09.01
[2016.11.08-13.09.01:783][130]LogActor:Warning: GameSession /Game/UEDPIE_0_David-Level.David-Level:PersistentLevel.GameSession_0 has natively added scene component(s), but none of them were set as the actor's RootComponent - picking one arbitrarily
[2016.11.08-13.09.01:784][130]LogActor:Warning: GameNetworkManager /Game/UEDPIE_0_David-Level.David-Level:PersistentLevel.GameNetworkManager_0 has natively added scene component(s), but none of them were set as the actor's RootComponent - picking one arbitrarily
[2016.11.08-13.09.01:784][130]LogWorld: Bringing up level for play took: 0.004883
[2016.11.08-13.09.01:791][130]PIE: Info Play in editor start time for /Game/UEDPIE_0_David-Level 0.465
[2016.11.08-13.09.01:791][130]LogBlueprintUserMessages: Late PlayInEditor Detection: Level '/Game/David-Level.David-Level:PersistentLevel' has LevelScriptBlueprint '/Game/David-Level.David-Level:PersistentLevel.David-Level' with GeneratedClass '/Game/David-Level.David-Level_C' with ClassGeneratedBy '/Game/David-Level.David-Level:PersistentLevel.David-Level'
[2016.11.08-13.09.01:809][130]LogScript:Warning: Attempted to get an item from array ActiveWords out of bounds [0/0]!
[2016.11.08-13.09.01:811][130]LogScript:Warning: Attempted to get an item from array CallFunc_GetCharacterArrayFromString_ReturnValue out of bounds [0/0]!
[2016.11.08-13.09.01:876][130]LogScript:Warning: Attempted to get an item from array ActiveWords out of bounds [4/0]!
[2016.11.08-13.09.01:897][130]LogScript:Warning: Attempted to get an item from array ActiveWords out of bounds [3/0]!
[2016.11.08-13.09.01:897][130]LogScript:Warning: Attempted to get an item from array ActiveWords out of bounds [2/0]!
[2016.11.08-13.09.01:897][130]LogScript:Warning: Attempted to get an item from array ActiveWords out of bounds [1/0]!
[2016.11.08-13.09.01:911][131]LogScript:Warning: Attempted to get an item from array ActiveWords out of bounds [4/0]!
[2016.11.08-13.09.01:911][131]LogScript:Warning: Attempted to get an item from array ActiveWords out of bounds [3/0]!
[2016.11.08-13.09.01:912][131]LogScript:Warning: Attempted to get an item from array ActiveWords out of bounds [2/0]!
[2016.11.08-13.09.01:912][131]LogScript:Warning: Attempted to get an item from array ActiveWords out of bounds [1/0]!
[2016.11.08-13.09.01:928][132]LogScript:Warning: Attempted to get an item from array ActiveWords out of bounds [4/1]!
[2016.11.08-13.09.01:928][132]LogScript:Warning: Attempted to get an item from array ActiveWords out of bounds [3/1]!
[2016.11.08-13.09.01:928][132]LogScript:Warning: Attempted to get an item from array ActiveWords out of bounds [2/1]!
[2016.11.08-13.09.01:945][133]LogScript:Warning: Attempted to get an item from array ActiveWords out of bounds [4/2]!
[2016.11.08-13.09.01:945][133]LogScript:Warning: Attempted to get an item from array ActiveWords out of bounds [3/2]!
[2016.11.08-13.09.01:960][134]LogScript:Warning: Attempted to get an item from array ActiveWords out of bounds [4/3]!
[2016.11.08-13.09.08:993][482]LogScript:Warning: Attempted to get an item from array CallFunc_GetCharacterArrayFromString_ReturnValue out of bounds [6/5]!
[2016.11.08-13.09.13:348][698]LogScript:Warning: Attempted to get an item from array CallFunc_GetCharacterArrayFromString_ReturnValue out of bounds [6/5]!
[2016.11.08-13.09.15:485][805]LogScript:Warning: Attempted to get an item from array CallFunc_GetCharacterArrayFromString_ReturnValue out of bounds [6/5]!
[2016.11.08-13.09.17:659][916]LogScript:Warning: Attempted to get an item from array CallFunc_GetCharacterArrayFromString_ReturnValue out of bounds [9/8]!
[2016.11.08-13.09.19:336][  0]LogScript:Warning: Attempted to get an item from array CallFunc_GetCharacterArrayFromString_ReturnValue out of bounds [5/4]!
[2016.11.08-13.09.20:854][ 75]LogScript:Warning: Attempted to get an item from array CallFunc_GetCharacterArrayFromString_ReturnValue out of bounds [6/5]!
[2016.11.08-13.09.23:894][225]LogScript:Warning: Attempted to get an item from array CallFunc_GetCharacterArrayFromString_ReturnValue out of bounds [8/7]!
[2016.11.08-13.09.25:972][329]LogScript:Warning: Attempted to get an item from array CallFunc_GetCharacterArrayFromString_ReturnValue out of bounds [5/4]!
[2016.11.08-13.09.31:366][596]LogScript:Warning: Attempted to get an item from array CallFunc_GetCharacterArrayFromString_ReturnValue out of bounds [9/8]!
[2016.11.08-13.09.33:471][703]LogScript:Warning: Attempted to get an item from array CallFunc_GetCharacterArrayFromString_ReturnValue out of bounds [6/5]!
[2016.11.08-13.09.34:974][778]LogScript:Warning: Attempted to get an item from array CallFunc_GetCharacterArrayFromString_ReturnValue out of bounds [4/3]!
[2016.11.08-13.09.39:952][ 28]LogScript:Warning: Attempted to get an item from array CallFunc_GetCharacterArrayFromString_ReturnValue out of bounds [6/5]!
[2016.11.08-13.09.42:759][166]LogScript:Warning: Attempted to get an item from array CallFunc_GetCharacterArrayFromString_ReturnValue out of bounds [6/5]!
[2016.11.08-13.09.46:671][361]LogScript:Warning: Attempted to get an item from array CallFunc_GetCharacterArrayFromString_ReturnValue out of bounds [9/8]!
[2016.11.08-13.09.52:907][672]LogScript:Warning: Attempted to get an item from array CallFunc_GetCharacterArrayFromString_ReturnValue out of bounds [8/7]!
[2016.11.08-13.09.54:794][766]LogScript:Warning: Attempted to get an item from array CallFunc_GetCharacterArrayFromString_ReturnValue out of bounds [6/5]!
[2016.11.08-13.10.00:490][ 49]LogScript:Warning: Attempted to get an item from array CallFunc_GetCharacterArrayFromString_ReturnValue out of bounds [9/8]!
[2016.11.08-13.10.03:176][166]LogScript:Warning: Attempted to get an item from array CallFunc_GetCharacterArrayFromString_ReturnValue out of bounds [5/4]!
[2016.11.08-13.10.05:069][248]LogScript:Warning: Attempted to get an item from array CallFunc_GetCharacterArrayFromString_ReturnValue out of bounds [6/5]!
[2016.11.08-13.10.06:265][302]LogScript:Warning: Attempted to get an item from array CallFunc_GetCharacterArrayFromString_ReturnValue out of bounds [4/3]!
[2016.11.08-13.10.08:343][395]LogScript:Warning: Attempted to get an item from array CallFunc_GetCharacterArrayFromString_ReturnValue out of bounds [9/8]!
[2016.11.08-13.10.10:462][491]LogScript:Warning: Attempted to get an item from array CallFunc_GetCharacterArrayFromString_ReturnValue out of bounds [5/4]!
[2016.11.08-13.10.13:363][631]LogScript:Warning: Attempted to get an item from array CallFunc_GetCharacterArrayFromString_ReturnValue out of bounds [6/5]!
[2016.11.08-13.10.19:621][925]LogScript:Warning: Attempted to get an item from array CallFunc_GetCharacterArrayFromString_ReturnValue out of bounds [9/8]!
[2016.11.08-13.10.21:522][ 14]LogScript:Warning: Attempted to get an item from array CallFunc_GetCharacterArrayFromString_ReturnValue out of bounds [6/5]!
[2016.11.08-13.10.23:297][ 91]LogScript:Warning: Attempted to get an item from array CallFunc_GetCharacterArrayFromString_ReturnValue out of bounds [5/4]!
[2016.11.08-13.10.24:543][150]LogScript:Warning: Attempted to get an item from array CallFunc_GetCharacterArrayFromString_ReturnValue out of bounds [4/3]!
[2016.11.08-13.10.27:747][300]LogScript:Warning: Attempted to get an item from array CallFunc_GetCharacterArrayFromString_ReturnValue out of bounds [6/5]!
[2016.11.08-13.10.31:389][471]LogBlueprintUserMessages: Early EndPlayMap Detection: Level '/Game/David-Level.David-Level:PersistentLevel' has LevelScriptBlueprint '/Game/David-Level.David-Level:PersistentLevel.David-Level' with GeneratedClass '/Game/David-Level.David-Level_C' with ClassGeneratedBy '/Game/David-Level.David-Level:PersistentLevel.David-Level'
[2016.11.08-13.10.31:453][471]LogBlueprintUserMessages: Late EndPlayMap Detection: Level '/Game/David-Level.David-Level:PersistentLevel' has LevelScriptBlueprint '/Game/David-Level.David-Level:PersistentLevel.David-Level' with GeneratedClass '/Game/David-Level.David-Level_C' with ClassGeneratedBy '/Game/David-Level.David-Level:PersistentLevel.David-Level'
[2016.11.08-13.10.31:478][471]LogParticles: Destroying 0 GPU particle simulations for FXSystem 0x000002C723C8C720
[2016.11.08-13.11.27:148][151]LogLinker:Warning: Asset '../../../Engine/Content/ArtTools/RenderToTexture/Macros/RenderToTextureMacros.uasset' has been saved with empty engine version. The asset will be loaded but may be incompatible.
[2016.11.08-13.11.28:097][151]LogContentBrowser: Native class hierarchy updated for 'BlueprintGraph' in 0.0007 seconds. Added 107 classes and 0 folders.
[2016.11.08-13.11.35:833][274]LogActor:Warning: GameNetworkManager /Engine/Transient.World_3:PersistentLevel.GameNetworkManager_1 has natively added scene component(s), but none of them were set as the actor's RootComponent - picking one arbitrarily
[2016.11.08-13.12.15:141][253]LogParticles: Destroying 0 GPU particle simulations for FXSystem 0x000002C710A3BCE0
[2016.11.08-13.12.15:143][253]LogParticles: Destroying 0 GPU particle simulations for FXSystem 0x000002C745200EA0
[2016.11.08-13.12.29:523][253]LogWindowsTextInputMethodSystem:Display: IME system now deactivated.
[2016.11.08-13.12.29:742][254]Cmd: QUIT_EDITOR
[2016.11.08-13.12.30:347][254]LogExit: Preparing to exit.
[2016.11.08-13.12.31:397][254]LogExit: Editor shut down
[2016.11.08-13.12.31:398][254]LogExit: Transaction tracking system shut down
[2016.11.08-13.12.31:401][254]LogParticles: Destroying 0 GPU particle simulations for FXSystem 0x000002C70F8419E0
[2016.11.08-13.12.31:401][254]LogParticles: Destroying 0 GPU particle simulations for FXSystem 0x000002C7239E6C00
[2016.11.08-13.12.31:401][254]LogParticles: Destroying 0 GPU particle simulations for FXSystem 0x000002C721F7F100
[2016.11.08-13.12.31:558][254]LogExit: Object subsystem successfully closed.
[2016.11.08-13.12.31:572][254]LogD3D11RHI: Shutdown
[2016.11.08-13.12.31:572][254]LogD3D11RHI: CleanupD3DDevice
[2016.11.08-13.12.31:617][254]LogD3D11RHI: ~FD3D11DynamicRHI
[2016.11.08-13.12.31:631][254]LogModuleManager: Shutting down and abandoning module BlueprintGraph (200)
[2016.11.08-13.12.31:631][254]LogModuleManager: Shutting down and abandoning module DataTableEditor (199)
[2016.11.08-13.12.31:631][254]LogModuleManager: Shutting down and abandoning module CrashTracker (198)
[2016.11.08-13.12.31:631][254]LogModuleManager: Shutting down and abandoning module SceneOutliner (197)
[2016.11.08-13.12.31:631][254]LogModuleManager: Shutting down and abandoning module SuperSearch (196)
[2016.11.08-13.12.31:631][254]LogModuleManager: Shutting down and abandoning module WidgetCarousel (195)
[2016.11.08-13.12.31:631][254]LogModuleManager: Shutting down and abandoning module AddContentDialog (194)
[2016.11.08-13.12.31:632][254]LogModuleManager: Shutting down and abandoning module EditorWidgets (193)
[2016.11.08-13.12.31:632][254]LogModuleManager: Shutting down and abandoning module CollectionManager (192)
[2016.11.08-13.12.31:632][254]LogModuleManager: Shutting down and abandoning module StatsViewer (191)
[2016.11.08-13.12.31:632][254]LogModuleManager: Shutting down and abandoning module FoliageEdit (190)
[2016.11.08-13.12.31:632][254]LogModuleManager: Shutting down and abandoning module LandscapeEditor (189)
[2016.11.08-13.12.31:632][254]LogModuleManager: Shutting down and abandoning module ActorPickerMode (188)
[2016.11.08-13.12.31:632][254]LogModuleManager: Shutting down and abandoning module GeometryMode (187)
[2016.11.08-13.12.31:632][254]LogModuleManager: Shutting down and abandoning module TextureAlignMode (186)
[2016.11.08-13.12.31:632][254]LogModuleManager: Shutting down and abandoning module BspMode (185)
[2016.11.08-13.12.31:632][254]LogModuleManager: Shutting down and abandoning module PlacementMode (184)
[2016.11.08-13.12.31:632][254]LogModuleManager: Shutting down and abandoning module AutomationWorker (183)
[2016.11.08-13.12.31:632][254]LogModuleManager: Shutting down and abandoning module CharacterAI (182)
[2016.11.08-13.12.31:632][254]LogModuleManager: Shutting down and abandoning module SmartSnapping (181)
[2016.11.08-13.12.31:632][254]LogModuleManager: Shutting down and abandoning module ViewportSnapping (180)
[2016.11.08-13.12.31:633][254]LogModuleManager: Shutting down and abandoning module LogVisualizer (179)
[2016.11.08-13.12.31:633][254]LogModuleManager: Shutting down and abandoning module GameProjectGeneration (178)
[2016.11.08-13.12.31:633][254]LogModuleManager: Shutting down and abandoning module IntroTutorials (177)
[2016.11.08-13.12.31:633][254]LogModuleManager: Shutting down and abandoning module EditorLiveStreaming (176)
[2016.11.08-13.12.31:633][254]LogModuleManager: Shutting down and abandoning module IOSPlatformEditor (175)
[2016.11.08-13.12.31:633][254]LogModuleManager: Shutting down and abandoning module HTML5PlatformEditor (174)
[2016.11.08-13.12.31:633][254]LogModuleManager: Shutting down and abandoning module AndroidDeviceDetection (173)
[2016.11.08-13.12.31:858][254]LogModuleManager: Shutting down and abandoning module AndroidPlatformEditor (172)
[2016.11.08-13.12.31:858][254]LogModuleManager: Shutting down and abandoning module IOSRuntimeSettings (171)
[2016.11.08-13.12.31:858][254]LogModuleManager: Shutting down and abandoning module AndroidRuntimeSettings (170)
[2016.11.08-13.12.31:858][254]LogModuleManager: Shutting down and abandoning module MergeActors (169)
[2016.11.08-13.12.31:858][254]LogModuleManager: Shutting down and abandoning module SizeMap (168)
[2016.11.08-13.12.31:858][254]LogModuleManager: Shutting down and abandoning module TreeMap (167)
[2016.11.08-13.12.31:858][254]LogModuleManager: Shutting down and abandoning module ReferenceViewer (166)
[2016.11.08-13.12.31:858][254]LogModuleManager: Shutting down and abandoning module LocalizationService (165)
[2016.11.08-13.12.31:858][254]LogModuleManager: Shutting down and abandoning module LocalizationDashboard (164)
[2016.11.08-13.12.31:858][254]LogModuleManager: Shutting down and abandoning module HardwareTargeting (163)
[2016.11.08-13.12.31:858][254]LogModuleManager: Shutting down and abandoning module DeviceProfileEditor (162)
[2016.11.08-13.12.31:858][254]LogModuleManager: Shutting down and abandoning module UndoHistory (161)
[2016.11.08-13.12.31:858][254]LogModuleManager: Shutting down and abandoning module GameplayTagsEditor (160)
[2016.11.08-13.12.31:858][254]LogModuleManager: Shutting down and abandoning module UserFeedback (159)
[2016.11.08-13.12.31:858][254]LogModuleManager: Shutting down and abandoning module XmlParser (158)
[2016.11.08-13.12.31:858][254]LogModuleManager: Shutting down and abandoning module Blutility (157)
[2016.11.08-13.12.31:859][254]LogModuleManager: Shutting down and abandoning module ProjectTargetPlatformEditor (156)
[2016.11.08-13.12.31:859][254]LogModuleManager: Shutting down and abandoning module ProjectSettingsViewer (155)
[2016.11.08-13.12.31:859][254]LogModuleManager: Shutting down and abandoning module InputBindingEditor (154)
[2016.11.08-13.12.31:859][254]LogModuleManager: Shutting down and abandoning module EditorSettingsViewer (153)
[2016.11.08-13.12.31:859][254]LogModuleManager: Shutting down and abandoning module SettingsEditor (152)
[2016.11.08-13.12.31:859][254]LogModuleManager: Shutting down and abandoning module ProjectLauncher (151)
[2016.11.08-13.12.31:859][254]LogModuleManager: Shutting down and abandoning module SessionFrontend (150)
[2016.11.08-13.12.31:859][254]LogModuleManager: Shutting down and abandoning module ProfilerClient (149)
[2016.11.08-13.12.31:859][254]LogModuleManager: Shutting down and abandoning module TargetDeviceServices (148)
[2016.11.08-13.12.31:859][254]LogModuleManager: Shutting down and abandoning module DeviceManager (147)
[2016.11.08-13.12.31:860][254]LogModuleManager: Shutting down and abandoning module AutomationController (146)
[2016.11.08-13.12.31:860][254]LogModuleManager: Shutting down and abandoning module AutomationWindow (145)
[2016.11.08-13.12.31:860][254]LogModuleManager: Shutting down and abandoning module Layers (144)
[2016.11.08-13.12.31:860][254]LogModuleManager: Shutting down and abandoning module ComponentVisualizers (143)
[2016.11.08-13.12.31:860][254]LogModuleManager: Shutting down and abandoning module DetailCustomizations (142)
[2016.11.08-13.12.31:860][254]LogModuleManager: Shutting down and abandoning module PackagesDialog (141)
[2016.11.08-13.12.31:860][254]LogModuleManager: Shutting down and abandoning module Persona (140)
[2016.11.08-13.12.31:861][254]LogModuleManager: Shutting down and abandoning module Kismet (139)
[2016.11.08-13.12.31:861][254]LogModuleManager: Shutting down and abandoning module GraphEditor (138)
[2016.11.08-13.12.31:861][254]LogModuleManager: Shutting down and abandoning module ClassViewer (137)
[2016.11.08-13.12.31:861][254]LogModuleManager: Shutting down and abandoning module Toolbox (136)
[2016.11.08-13.12.31:861][254]LogModuleManager: Shutting down and abandoning module ModuleUI (135)
[2016.11.08-13.12.31:861][254]LogModuleManager: Shutting down and abandoning module MovieSceneTools (134)
[2016.11.08-13.12.31:861][254]LogModuleManager: Shutting down and abandoning module OutputLog (133)
[2016.11.08-13.12.31:861][254]LogModuleManager: Shutting down and abandoning module GammaUI (132)
[2016.11.08-13.12.31:861][254]LogModuleManager: Shutting down and abandoning module Documentation (131)
[2016.11.08-13.12.31:861][254]LogModuleManager: Shutting down and abandoning module GameLiveStreaming (130)
[2016.11.08-13.12.31:862][254]LogModuleManager: Shutting down and abandoning module StreamingPauseRendering (129)
[2016.11.08-13.12.31:862][254]LogModuleManager: Shutting down and abandoning module AnalyticsET (128)
[2016.11.08-13.12.31:862][254]LogModuleManager: Shutting down and abandoning module Analytics (127)
[2016.11.08-13.12.31:862][254]LogModuleManager: Shutting down and abandoning module AITestSuite (126)
[2016.11.08-13.12.31:862][254]LogModuleManager: Shutting down and abandoning module GameplayDebugger (125)
[2016.11.08-13.12.31:862][254]LogModuleManager: Shutting down and abandoning module AIModule (124)
[2016.11.08-13.12.31:862][254]LogModuleManager: Shutting down and abandoning module ProfilerService (123)
[2016.11.08-13.12.31:928][254]LogModuleManager: Shutting down and abandoning module TaskGraph (122)
[2016.11.08-13.12.31:928][254]LogModuleManager: Shutting down and abandoning module SlateRemote (121)
[2016.11.08-13.12.31:929][254]LogModuleManager: Shutting down and abandoning module SteamVRController (120)
[2016.11.08-13.12.31:929][254]LogModuleManager: Shutting down and abandoning module SteamVR (119)
[2016.11.08-13.12.31:929][254]LogModuleManager: Shutting down and abandoning module ProceduralMeshComponent (118)
[2016.11.08-13.12.31:929][254]LogModuleManager: Shutting down and abandoning module OculusLibrary (117)
[2016.11.08-13.12.31:929][254]LogModuleManager: Shutting down and abandoning module OculusInput (116)
[2016.11.08-13.12.31:929][254]LogModuleManager: Shutting down and abandoning module LeapMotionController (115)
[2016.11.08-13.12.31:973][254]LogModuleManager: Shutting down and abandoning module CustomMeshComponent (114)
[2016.11.08-13.12.31:973][254]LogModuleManager: Shutting down and abandoning module CableComponent (113)
[2016.11.08-13.12.31:973][254]LogModuleManager: Shutting down and abandoning module ArchVisCharacter (112)
[2016.11.08-13.12.31:973][254]LogModuleManager: Shutting down and abandoning module MessagingDebugger (111)
[2016.11.08-13.12.31:973][254]LogModuleManager: Shutting down and abandoning module MediaPlayerEditor (110)
[2016.11.08-13.12.31:973][254]LogModuleManager: Shutting down and abandoning module HTML5Networking (109)
[2016.11.08-13.12.31:973][254]LogModuleManager: Shutting down and abandoning module SpeedTreeImporter (108)
[2016.11.08-13.12.31:973][254]LogModuleManager: Shutting down and abandoning module PluginBrowser (107)
[2016.11.08-13.12.31:973][254]LogModuleManager: Shutting down and abandoning module EpicSurvey (106)
[2016.11.08-13.12.31:974][254]LogModuleManager: Shutting down and abandoning module DesktopPlatform (105)
[2016.11.08-13.12.31:974][254]LogModuleManager: Shutting down and abandoning module VisualStudioSourceCodeAccess (104)
[2016.11.08-13.12.31:974][254]LogModuleManager: Shutting down and abandoning module UObjectPlugin (103)
[2016.11.08-13.12.31:974][254]LogModuleManager: Shutting down and abandoning module SubversionSourceControl (102)
[2016.11.08-13.12.31:974][254]LogModuleManager: Shutting down and abandoning module PerforceSourceControl (101)
[2016.11.08-13.12.31:974][254]LogModuleManager: Shutting down and abandoning module SourceControl (100)
[2016.11.08-13.12.31:974][254]LogModuleManager: Shutting down and abandoning module GitSourceControl (99)
[2016.11.08-13.12.31:974][254]LogModuleManager: Shutting down and abandoning module LightPropagationVolumeEditor (98)
[2016.11.08-13.12.31:974][254]LogModuleManager: Shutting down and abandoning module PaperTiledImporter (97)
[2016.11.08-13.12.31:974][254]LogModuleManager: Shutting down and abandoning module PaperSpriteSheetImporter (96)
[2016.11.08-13.12.31:974][254]LogModuleManager: Shutting down and abandoning module MeshPaint (95)
[2016.11.08-13.12.31:974][254]LogModuleManager: Shutting down and abandoning module SlateReflector (94)
[2016.11.08-13.12.31:974][254]LogModuleManager: Shutting down and abandoning module HotReload (93)
[2016.11.08-13.12.31:974][254]LogModuleManager: Shutting down and abandoning module MainFrame (92)
[2016.11.08-13.12.31:974][254]LogModuleManager: Shutting down and abandoning module LevelEditor (91)
[2016.11.08-13.12.31:975][254]LogModuleManager: Shutting down and abandoning module DirectoryWatcher (90)
[2016.11.08-13.12.31:976][254]LogModuleManager: Shutting down and abandoning module AssetRegistry (89)
[2016.11.08-13.12.32:097][254]LogModuleManager: Shutting down and abandoning module ContentBrowser (88)
[2016.11.08-13.12.32:098][254]LogModuleManager: Shutting down and abandoning module Paper2DEditor (87)
[2016.11.08-13.12.32:098][254]LogModuleManager: Shutting down and abandoning module UdpMessaging (86)
[2016.11.08-13.12.32:199][254]LogModuleManager: Shutting down and abandoning module LightPropagationVolumeRuntime (85)
[2016.11.08-13.12.32:199][254]LogModuleManager: Shutting down and abandoning module Paper2D (84)
[2016.11.08-13.12.32:199][254]LogModuleManager: Shutting down and abandoning module WindowsMoviePlayer (83)
[2016.11.08-13.12.32:205][254]LogModuleManager: Shutting down and abandoning module Media (82)
[2016.11.08-13.12.32:205][254]LogModuleManager: Shutting down and abandoning module WmfMedia (81)
[2016.11.08-13.12.32:206][254]LogModuleManager: Shutting down and abandoning module OnlineBlueprintSupport (80)
[2016.11.08-13.12.32:206][254]LogModuleManager: Shutting down and abandoning module GameplayTasksEditor (79)
[2016.11.08-13.12.32:206][254]LogModuleManager: Shutting down and abandoning module PropertyEditor (78)
[2016.11.08-13.12.32:206][254]LogModuleManager: Shutting down and abandoning module BehaviorTreeEditor (77)
[2016.11.08-13.12.32:206][254]LogModuleManager: Shutting down and abandoning module FunctionalTesting (76)
[2016.11.08-13.12.32:206][254]LogModuleManager: Shutting down and abandoning module CollisionAnalyzer (75)
[2016.11.08-13.12.32:206][254]LogModuleManager: Shutting down and abandoning module WorkspaceMenuStructure (74)
[2016.11.08-13.12.32:206][254]LogModuleManager: Shutting down and abandoning module MessageLog (73)
[2016.11.08-13.12.32:206][254]LogModuleManager: Shutting down and abandoning module Sequencer (72)
[2016.11.08-13.12.32:207][254]LogModuleManager: Shutting down and abandoning module AssetTools (71)
[2016.11.08-13.12.32:207][254]LogModuleManager: Shutting down and abandoning module UMGEditor (70)
[2016.11.08-13.12.32:207][254]LogModuleManager: Shutting down and abandoning module UMG (69)
[2016.11.08-13.12.32:207][254]LogModuleManager: Shutting down and abandoning module Slate (68)
[2016.11.08-13.12.32:207][254]LogModuleManager: Shutting down and abandoning module EditorStyle (67)
[2016.11.08-13.12.32:214][254]LogModuleManager: Shutting down and abandoning module SessionServices (66)
[2016.11.08-13.12.32:214][254]LogModuleManager: Shutting down and abandoning module SourceCodeAccess (65)
[2016.11.08-13.12.32:214][254]LogModuleManager: Shutting down and abandoning module HeadMountedDisplay (64)
[2016.11.08-13.12.32:214][254]LogModuleManager: Shutting down and abandoning module XAudio2 (63)
[2016.11.08-13.12.32:214][254]LogModuleManager: Shutting down and abandoning module Networking (61)
[2016.11.08-13.12.32:214][254]LogModuleManager: Shutting down and abandoning module Core (60)
[2016.11.08-13.12.32:214][254]LogModuleManager: Shutting down and abandoning module KismetCompiler (59)
[2016.11.08-13.12.32:214][254]LogModuleManager: Shutting down and abandoning module PhysXFormats (58)
[2016.11.08-13.12.32:214][254]LogModuleManager: Shutting down and abandoning module MeshUtilities (57)
[2016.11.08-13.12.32:214][254]LogModuleManager: Shutting down and abandoning module DerivedDataCache (56)
[2016.11.08-13.12.32:313][254]LogDerivedDataCache: Shutdown
[2016.11.08-13.12.32:313][254]LogModuleManager: Shutting down and abandoning module ShaderFormatOpenGL (55)
[2016.11.08-13.12.32:313][254]LogModuleManager: Shutting down and abandoning module ShaderFormatD3D (54)
[2016.11.08-13.12.32:313][254]LogModuleManager: Shutting down and abandoning module MetalShaderFormat (53)
[2016.11.08-13.12.32:313][254]LogModuleManager: Shutting down and abandoning module TextureFormatUncompressed (52)
[2016.11.08-13.12.32:313][254]LogModuleManager: Shutting down and abandoning module TextureFormatPVR (51)
[2016.11.08-13.12.32:313][254]LogModuleManager: Shutting down and abandoning module TextureFormatIntelISPCTexComp (50)
[2016.11.08-13.12.32:313][254]LogModuleManager: Shutting down and abandoning module TextureFormatDXT (49)
[2016.11.08-13.12.32:314][254]LogModuleManager: Shutting down and abandoning module ImageWrapper (48)
[2016.11.08-13.12.32:314][254]LogModuleManager: Shutting down and abandoning module TextureFormatASTC (47)
[2016.11.08-13.12.32:314][254]LogModuleManager: Shutting down and abandoning module TextureFormatAndroid (46)
[2016.11.08-13.12.32:314][254]LogModuleManager: Shutting down and abandoning module AudioFormatOpus (45)
[2016.11.08-13.12.32:314][254]LogModuleManager: Shutting down and abandoning module AudioFormatOgg (44)
[2016.11.08-13.12.32:314][254]LogModuleManager: Shutting down and abandoning module AudioFormatADPCM (43)
[2016.11.08-13.12.32:314][254]LogModuleManager: Shutting down and abandoning module LinuxTargetPlatform (42)
[2016.11.08-13.12.32:314][254]LogModuleManager: Shutting down and abandoning module LinuxServerTargetPlatform (41)
[2016.11.08-13.12.32:314][254]LogModuleManager: Shutting down and abandoning module LinuxNoEditorTargetPlatform (40)
[2016.11.08-13.12.32:314][254]LogModuleManager: Shutting down and abandoning module Messaging (39)
[2016.11.08-13.12.32:314][254]LogModuleManager: Shutting down and abandoning module IOSTargetPlatform (38)
[2016.11.08-13.12.32:314][254]LogModuleManager: Shutting down and abandoning module HTML5TargetPlatform (37)
[2016.11.08-13.12.32:314][254]LogModuleManager: Shutting down and abandoning module Android_PVRTCTargetPlatform (36)
[2016.11.08-13.12.32:314][254]LogModuleManager: Shutting down and abandoning module Android_MultiTargetPlatform (35)
[2016.11.08-13.12.32:314][254]LogModuleManager: Shutting down and abandoning module Android_ETC2TargetPlatform (34)
[2016.11.08-13.12.32:314][254]LogModuleManager: Shutting down and abandoning module Android_ETC1TargetPlatform (33)
[2016.11.08-13.12.32:314][254]LogModuleManager: Shutting down and abandoning module Android_DXTTargetPlatform (32)
[2016.11.08-13.12.32:314][254]LogModuleManager: Shutting down and abandoning module Android_ATCTargetPlatform (31)
[2016.11.08-13.12.32:314][254]LogModuleManager: Shutting down and abandoning module Android_ASTCTargetPlatform (30)
[2016.11.08-13.12.32:314][254]LogModuleManager: Shutting down and abandoning module AndroidTargetPlatform (29)
[2016.11.08-13.12.32:314][254]LogModuleManager: Shutting down and abandoning module WindowsTargetPlatform (28)
[2016.11.08-13.12.32:314][254]LogModuleManager: Shutting down and abandoning module WindowsServerTargetPlatform (27)
[2016.11.08-13.12.32:314][254]LogModuleManager: Shutting down and abandoning module WindowsNoEditorTargetPlatform (26)
[2016.11.08-13.12.32:314][254]LogModuleManager: Shutting down and abandoning module WindowsClientTargetPlatform (25)
[2016.11.08-13.12.32:314][254]LogModuleManager: Shutting down and abandoning module AllDesktopTargetPlatform (24)
[2016.11.08-13.12.32:314][254]LogModuleManager: Shutting down and abandoning module TargetPlatform (23)
[2016.11.08-13.12.32:314][254]LogModuleManager: Shutting down and abandoning module InputCore (22)
[2016.11.08-13.12.32:315][254]LogModuleManager: Shutting down and abandoning module Settings (21)
[2016.11.08-13.12.32:315][254]LogModuleManager: Shutting down and abandoning module OnlineSubsystem (19)
[2016.11.08-13.12.32:315][254]LogModuleManager: Shutting down and abandoning module HTTP (18)
[2016.11.08-13.12.34:319][254]LogModuleManager: Shutting down and abandoning module XMPP (17)
[2016.11.08-13.12.34:319][254]LogModuleManager: Shutting down and abandoning module OculusRift (16)
[2016.11.08-13.12.34:319][254]LogModuleManager: Shutting down and abandoning module ExampleDeviceProfileSelector (15)
[2016.11.08-13.12.34:319][254]LogModuleManager: Shutting down and abandoning module TextureCompressor (14)
[2016.11.08-13.12.34:319][254]LogModuleManager: Shutting down and abandoning module ShaderCore (13)
[2016.11.08-13.12.34:320][254]LogModuleManager: Shutting down and abandoning module Landscape (12)
[2016.11.08-13.12.34:320][254]LogModuleManager: Shutting down and abandoning module SlateRHIRenderer (11)
[2016.11.08-13.12.34:324][254]LogModuleManager: Shutting down and abandoning module OpenGLDrv (10)
[2016.11.08-13.12.34:324][254]LogModuleManager: Shutting down and abandoning module D3D11RHI (9)
[2016.11.08-13.12.34:324][254]LogModuleManager: Shutting down and abandoning module AnimGraphRuntime (8)
[2016.11.08-13.12.34:324][254]LogModuleManager: Shutting down and abandoning module Renderer (7)
[2016.11.08-13.12.34:324][254]LogModuleManager: Shutting down and abandoning module Engine (6)
[2016.11.08-13.12.34:324][254]LogModuleManager: Shutting down and abandoning module CoreUObject (5)
[2016.11.08-13.12.34:324][254]LogModuleManager: Shutting down and abandoning module NetworkFile (4)
[2016.11.08-13.12.34:324][254]LogModuleManager: Shutting down and abandoning module StreamingFile (3)
[2016.11.08-13.12.34:324][254]LogModuleManager: Shutting down and abandoning module SandboxFile (2)
[2016.11.08-13.12.34:324][254]LogModuleManager: Shutting down and abandoning module PakFile (1)
[2016.11.08-13.12.34:327][254]LogExit: Exiting.
[2016.11.08-13.12.34:330][254]Log file closed, 11/08/16 13:12:34
