[2016.11.09-10.06.32:592][  0]Log file open, 11/09/16 10:06:32
[2016.11.09-10.06.32:592][  0]LogInit:Display: Running engine for game: ConstructionMadness
[2016.11.09-10.06.32:592][  0]LogPlatformFile: Not using cached read wrapper
[2016.11.09-10.06.32:592][  0]LogInit:Display: RandInit(676629575) SRandInit(676629580).
[2016.11.09-10.06.32:592][  0]LogTaskGraph: Started task graph with 4 named threads and 5 total threads.
[2016.11.09-10.06.32:592][  0]LogStats: Stats thread started at 3.267438
[2016.11.09-10.06.32:592][  0]LogInit: Version: 4.10.2-2818068+++depot+UE4-Releases+4.10
[2016.11.09-10.06.32:592][  0]LogInit: API Version: 2758231
[2016.11.09-10.06.32:592][  0]LogInit: Compiled (64-bit): Jan  6 2016 17:36:42
[2016.11.09-10.06.32:592][  0]LogInit: Compiled with Visual C++: 19.00.23026.00
[2016.11.09-10.06.32:592][  0]LogInit: Build Configuration: Development
[2016.11.09-10.06.32:592][  0]LogInit: Branch Name: ++depot+UE4-Releases+4.10
[2016.11.09-10.06.32:592][  0]LogInit: Command line:  
[2016.11.09-10.06.32:592][  0]LogInit: Base directory: C:/Program Files (x86)/Epic Games/4.10/Engine/Binaries/Win64/
[2016.11.09-10.06.32:592][  0]LogInit: Rocket: 1
[2016.11.09-10.06.32:765][  0]LogInit: Using libcurl 7.41.0
[2016.11.09-10.06.32:765][  0]LogInit:  - built for x86_64-pc-win32
[2016.11.09-10.06.32:765][  0]LogInit:  - supports SSL with WinSSL
[2016.11.09-10.06.32:765][  0]LogInit:  - other features:
[2016.11.09-10.06.32:765][  0]LogInit:      CURL_VERSION_SSL
[2016.11.09-10.06.32:765][  0]LogInit:      CURL_VERSION_IPV6
[2016.11.09-10.06.32:765][  0]LogInit:      CURL_VERSION_ASYNCHDNS
[2016.11.09-10.06.32:765][  0]LogInit:      CURL_VERSION_LARGEFILE
[2016.11.09-10.06.32:765][  0]LogInit:      CURL_VERSION_IDN
[2016.11.09-10.06.32:781][  0]LogInit:  CurlRequestOptions (configurable via config and command line):
[2016.11.09-10.06.32:781][  0]LogInit:  - bVerifyPeer = true  - Libcurl will verify peer certificate
[2016.11.09-10.06.32:781][  0]LogInit:  - bUseHttpProxy = false  - Libcurl will NOT use HTTP proxy
[2016.11.09-10.06.32:781][  0]LogInit:  - bDontReuseConnections = false  - Libcurl will reuse connections
[2016.11.09-10.06.32:781][  0]LogInit:  - CertBundlePath = nullptr  - Libcurl will use whatever was configured at build time.
[2016.11.09-10.06.32:970][  0]LogInit: Presizing for 0 objects not considered by GC, pre-allocating 0 bytes.
[2016.11.09-10.06.33:147][  0]LogInit: Object subsystem initialized
[2016.11.09-10.06.33:664][  0]LogInit: Selected Device Profile: [Windows]
[2016.11.09-10.06.33:664][  0]LogInit: Applying CVar settings loaded from the selected device profile: [Windows]
[2016.11.09-10.06.33:913][  0]LogInit: Computer: LAPTOP-TCEGHJTQ
[2016.11.09-10.06.33:913][  0]LogInit: User: David
[2016.11.09-10.06.33:913][  0]LogInit: CPU Page size=4096, Cores=2
[2016.11.09-10.06.33:913][  0]LogInit: High frequency timer resolution =2.338335 MHz
[2016.11.09-10.06.33:913][  0]LogMemory: Memory total: Physical=15.9GB (16GB approx)
[2016.11.09-10.06.33:913][  0]LogMemory: Platform Memory Stats for Windows
[2016.11.09-10.06.33:913][  0]LogMemory: Process Physical Memory: 55.83 MB used, 55.83 MB peak
[2016.11.09-10.06.33:913][  0]LogMemory: Process Virtual Memory: 57.48 MB used, 57.48 MB peak
[2016.11.09-10.06.33:913][  0]LogMemory: Physical Memory: 2871.76 MB used, 16297.84 MB total
[2016.11.09-10.06.33:913][  0]LogMemory: Virtual Memory: 383.04 MB used, 134217728.00 MB total
[2016.11.09-10.06.35:522][  0]LogTextLocalizationManager: No specific translations for ('en-GB') exist, so ('en') translations will be used.
[2016.11.09-10.06.37:629][  0]LogD3D11RHI: Found D3D11 adapter 0: Intel(R) HD Graphics 5500 (Feature Level 11_0)
[2016.11.09-10.06.37:629][  0]LogD3D11RHI: Adapter has 128MB of dedicated video memory, 0MB of dedicated system memory, and 8148MB of shared system memory, 1 output[s]
[2016.11.09-10.06.40:033][  0]LogD3D11RHI: Found D3D11 adapter 1: AMD Radeon(TM) R9 M375 (Feature Level 11_0)
[2016.11.09-10.06.40:033][  0]LogD3D11RHI: Adapter has 4074MB of dedicated video memory, 0MB of dedicated system memory, and 8148MB of shared system memory, 0 output[s]
[2016.11.09-10.06.40:125][  0]LogD3D11RHI: Found D3D11 adapter 2: Microsoft Basic Render Driver (Feature Level 11_0)
[2016.11.09-10.06.40:125][  0]LogD3D11RHI: Adapter has 0MB of dedicated video memory, 0MB of dedicated system memory, and 8148MB of shared system memory, 0 output[s]
[2016.11.09-10.06.40:125][  0]LogD3D11RHI: Chosen D3D11 Adapter Id = 0
[2016.11.09-10.06.40:139][  0]LogD3D11RHI: !Direct3DDevice
[2016.11.09-10.06.40:139][  0]LogRHI: Texture pool is 1361 MB (70% of 1945 MB)
[2016.11.09-10.06.40:155][  0]LogD3D11RHI: Async texture creation enabled
[2016.11.09-10.06.40:681][  0]LogShaderCompilers: Guid format shader working directory is -31 characters bigger than the processId version (../../../../../../Users/David/Desktop/ConstructionMadness/ConstructionMadness/Intermediate/Shaders/WorkingDirectory/6312/).
[2016.11.09-10.06.40:681][  0]LogShaderCompilers: Cleaned the shader compiler working directory 'C:/Users/David/AppData/Local/Temp/UnrealShaderWorkingDir/9137C8DB40AB938F8A3F34A0702EFD7F/'.
[2016.11.09-10.06.40:682][  0]LogShaderCompilers:Display: Using Local Shader Compiler.
[2016.11.09-10.06.48:761][  0]LogTemp:Display: Loaded TP AllDesktopTargetPlatform
[2016.11.09-10.06.48:766][  0]LogTemp:Display: Loaded TP WindowsClientTargetPlatform
[2016.11.09-10.06.48:771][  0]LogTemp:Display: Loaded TP WindowsNoEditorTargetPlatform
[2016.11.09-10.06.48:776][  0]LogTemp:Display: Loaded TP WindowsServerTargetPlatform
[2016.11.09-10.06.48:782][  0]LogTemp:Display: Loaded TP WindowsTargetPlatform
[2016.11.09-10.06.48:805][  0]LogTemp:Display: Loaded TP AndroidTargetPlatform
[2016.11.09-10.06.48:815][  0]LogTemp:Display: Loaded TP Android_ASTCTargetPlatform
[2016.11.09-10.06.48:819][  0]LogTemp:Display: Loaded TP Android_ATCTargetPlatform
[2016.11.09-10.06.48:824][  0]LogTemp:Display: Loaded TP Android_DXTTargetPlatform
[2016.11.09-10.06.48:828][  0]LogTemp:Display: Loaded TP Android_ETC1TargetPlatform
[2016.11.09-10.06.48:832][  0]LogTemp:Display: Loaded TP Android_ETC2TargetPlatform
[2016.11.09-10.06.48:840][  0]LogTemp:Display: Loaded TP Android_MultiTargetPlatform
[2016.11.09-10.06.48:840][  0]LogTemp:Display: Loaded TP Android_PVRTCTargetPlatform
[2016.11.09-10.06.48:841][  0]LogTemp:Display: Loaded TP HTML5TargetPlatform
[2016.11.09-10.06.48:947][  0]LogTemp:Display: Loaded TP IOSTargetPlatform
[2016.11.09-10.06.48:951][  0]LogTemp:Display: Loaded TP LinuxNoEditorTargetPlatform
[2016.11.09-10.06.48:973][  0]LogTemp:Display: Loaded TP LinuxServerTargetPlatform
[2016.11.09-10.06.48:981][  0]LogTemp:Display: Loaded TP LinuxTargetPlatform
[2016.11.09-10.06.48:981][  0]LogTargetPlatformManager:Display: Building Assets For Windows
[2016.11.09-10.06.50:568][  0]LogDerivedDataCache:Display: Max Cache Size: 512 MB
[2016.11.09-10.06.51:145][  0]LogDerivedDataCache: Loaded boot cache 0.56s 41MB C:/Users/David/AppData/Local/UnrealEngine/4.10/DerivedDataCache/Boot.ddc.
[2016.11.09-10.06.51:145][  0]LogDerivedDataCache:Display: Loaded Boot cache: C:/Users/David/AppData/Local/UnrealEngine/4.10/DerivedDataCache/Boot.ddc
[2016.11.09-10.06.51:145][  0]LogDerivedDataCache: FDerivedDataBackendGraph:  Pak pak cache file ../../../../../../Users/David/Desktop/ConstructionMadness/ConstructionMadness/DerivedDataCache/DDC.ddp not found, will not use a pak cache.
[2016.11.09-10.06.51:145][  0]LogDerivedDataCache: Unable to find inner node Pak for hierarchical cache Hierarchy.
[2016.11.09-10.06.51:145][  0]LogDerivedDataCache: FDerivedDataBackendGraph:  CompressedPak pak cache file ../../../../../../Users/David/Desktop/ConstructionMadness/ConstructionMadness/DerivedDataCache/Compressed.ddp not found, will not use a pak cache.
[2016.11.09-10.06.51:145][  0]LogDerivedDataCache: Unable to find inner node CompressedPak for hierarchical cache Hierarchy.
[2016.11.09-10.06.51:304][  0]LogDerivedDataCache:Display: Pak cache opened for reading ../../../Engine/DerivedDataCache/Compressed.ddp.
[2016.11.09-10.06.51:364][  0]LogDerivedDataCache: Using Local data cache path C:/Users/David/AppData/Local/UnrealEngine/Common/DerivedDataCache: Writable
[2016.11.09-10.07.07:596][  0]LogInit: Selected Device Profile: [Windows]
[2016.11.09-10.07.07:691][  0]LogContentStreaming: Texture pool size is 0.000000MB
[2016.11.09-10.07.09:247][  0]LogMeshUtilities: No automatic mesh reduction module available
[2016.11.09-10.07.09:247][  0]LogMeshUtilities: No automatic mesh merging module available
[2016.11.09-10.07.14:750][  0]LogInit: WinSock: version 1.1 (2.2), MaxSocks=32767, MaxUdp=65467
[2016.11.09-10.07.26:178][  0]UdpMessaging: Initializing bridge on interface 0.0.0.0:0 to multicast group 230.0.0.1:6666.
[2016.11.09-10.07.27:019][  0]LogAssetRegistry: FAssetRegistry took 0.0274 seconds to start up
[2016.11.09-10.07.31:068][  0]SourceControl: Info Source control is disabled
[2016.11.09-10.07.31:115][  0]SourceControl: Info Source control is disabled
[2016.11.09-10.07.31:356][  0]SourceControl: Info Source control is disabled
[2016.11.09-10.07.31:542][  0]SourceControl: Info Source control is disabled
[2016.11.09-10.07.34:098][  0]LogObj: 28633 objects as part of root set at end of initial load.
[2016.11.09-10.07.34:098][  0]LogUObjectAllocator: 6099744 out of 0 bytes used by permanent object pool.
[2016.11.09-10.07.34:942][  0]LogEngine: Initializing Engine...
[2016.11.09-10.07.34:966][  0]LogHMD: Can't find Oculus library dev build: is proper Runtime installed? Version: 0.8.0.0
[2016.11.09-10.07.35:055][  0]LogHMD: SteamVR failed to initialize.  Err: 110
[2016.11.09-10.07.36:194][  0]LogAIModule: Creating AISystem for world NewWorld
[2016.11.09-10.07.36:431][  0]LogInit: XAudio2 using 'Speakers (Realtek High Definition Audio)' : 2 channels at 48 kHz using 32 bits per sample (channel mask 0x3)
[2016.11.09-10.07.36:707][  0]LogInit: FAudioDevice initialized.
[2016.11.09-10.07.36:781][  0]LogDerivedDataCache: Saved boot cache 0.07s 41MB C:/Users/David/AppData/Local/UnrealEngine/4.10/DerivedDataCache/Boot.ddc.
[2016.11.09-10.07.36:792][  0]LogInit: Texture streaming: Enabled
[2016.11.09-10.07.36:964][  0]LogAnalytics: Creating configured Analytics provider AnalyticsET
[2016.11.09-10.07.37:451][  0]LogAnalytics: [UEEditor.Rocket.Release] APIServer = http://et2.epicgames.com/ET2/. AppVersion = 4.10.2-2818068+++depot+UE4-Releases+4.10
[2016.11.09-10.07.37:451][  0]LogAnalytics: [UEEditor.Rocket.Release] SetUserId 51bad3324626f8b32aeb23b5d6210868|c381b92b33784ccaa7b778c4b0f76233|7a75b928-ee2d-4f84-b046-c4f65b0113e6
[2016.11.09-10.07.37:465][  0]LogAnalytics: [UEEditor.Rocket.Release] AnalyticsET::StartSession
[2016.11.09-10.07.37:800][  0]LogInit: Transaction tracking system initialized
[2016.11.09-10.07.40:436][  0]BlueprintLog: New page: Editor Load
[2016.11.09-10.07.42:595][  0]LocalizationService: Info Localization service is disabled
[2016.11.09-10.07.43:866][  0]LogConsoleResponse:Display: 
[2016.11.09-10.07.48:109][  0]LogFileCache: Scanning file cache for directory 'C:/Users/David/Desktop/ConstructionMadness/ConstructionMadness/Content/' took 0.02s
[2016.11.09-10.07.48:110][  0]LogCook:Display: Done creating registry. It took  0.00s.
[2016.11.09-10.07.50:763][  0]SourceControl: Info Source control is disabled
[2016.11.09-10.07.50:850][  0]Cmd: MAP LOAD FILE="../../../../../../Users/David/Desktop/ConstructionMadness/ConstructionMadness/Content/David-Level.umap" TEMPLATE=0 SHOWPROGRESS=1 FEATURELEVEL=3
[2016.11.09-10.07.50:873][  0]LightingResults: New page: Lighting Build
[2016.11.09-10.07.51:329][  0]MapCheck: New page: Map Check
[2016.11.09-10.07.51:329][  0]LightingResults: New page: Lighting Build
[2016.11.09-10.07.51:941][  0]LogParticles: Destroying 0 GPU particle simulations for FXSystem 0x00000136178E6160
[2016.11.09-10.07.57:515][  0]LogAIModule: Creating AISystem for world David-Level
[2016.11.09-10.07.57:941][  0]LogEditorServer: Finished looking for orphan Actors (0.000 secs)
[2016.11.09-10.07.58:005][  0]Cmd: MAP CHECKDEP NOCLEARLOG
[2016.11.09-10.07.58:050][  0]MapCheck: Info Map check complete: 0 Error(s), 0 Warning(s), took 45.422ms to complete.
[2016.11.09-10.07.58:051][  0]LogFileHelpers: Loading map 'David-Level' took 7.221
[2016.11.09-10.07.59:784][  0]LogCollectionManager: Loaded 0 collections in 0.008381 seconds
[2016.11.09-10.08.00:006][  0]LogFileCache: Scanning file cache for directory 'C:/Users/David/Desktop/ConstructionMadness/ConstructionMadness/Saved/Collections/' took 0.01s
[2016.11.09-10.08.00:006][  0]LogFileCache: Scanning file cache for directory 'C:/Users/David/Desktop/ConstructionMadness/ConstructionMadness/Content/Developers/David/Collections/' took 0.01s
[2016.11.09-10.08.00:006][  0]LogFileCache: Scanning file cache for directory 'C:/Users/David/Desktop/ConstructionMadness/ConstructionMadness/Content/Collections/' took 0.01s
[2016.11.09-10.08.00:006][  0]LogCollectionManager: Rebuilt the GUID cache for 0 collections in 0.000028 seconds
[2016.11.09-10.08.00:064][  0]LogContentBrowser: Native class hierarchy populated in 0.0229 seconds. Added 1893 classes and 338 folders.
[2016.11.09-10.08.00:219][  0]LogContentBrowser: Native class hierarchy updated for 'WidgetCarousel' in 0.0014 seconds. Added 0 classes and 0 folders.
[2016.11.09-10.08.04:043][  0]LogContentBrowser: Native class hierarchy updated for 'AddContentDialog' in 0.0011 seconds. Added 0 classes and 0 folders.
[2016.11.09-10.08.04:277][  0]LogContentBrowser: Native class hierarchy updated for 'SceneOutliner' in 0.0011 seconds. Added 1 classes and 2 folders.
[2016.11.09-10.08.05:746][  0]LogCrashTracker: Crashtracker disabled due to settings.
[2016.11.09-10.08.06:198][  0]LogUObjectGlobals:Warning: Failed to find object 'Class None.'
[2016.11.09-10.08.06:296][  0]LogLoad: Full Startup: 101.73 seconds (BP compile: 1.59 seconds)
[2016.11.09-10.08.06:682][  0]LogOcInput: Can't find Oculus library dev build: is proper Runtime installed? Version: 0.8.0.0
[2016.11.09-10.08.07:308][  0]LogContentStreaming: Texture pool size now 400 MB
[2016.11.09-10.08.08:216][  0]LogRenderer: Reallocating scene render targets to support 1120x572 (Frame:2).
[2016.11.09-10.08.09:666][  6]LogAssetRegistry: Asset discovery search completed in 42.6612 seconds
[2016.11.09-10.08.09:739][  6]LogCollectionManager: Rebuilt the object cache for 0 collections in 0.000001 seconds (found 0 objects)
[2016.11.09-10.08.09:739][  6]LogCollectionManager: Fixed up redirectors for 0 collections in 0.000882 seconds (updated 0 objects)
[2016.11.09-10.08.19:056][293]LogBlueprintUserMessages: Early PlayInEditor Detection: Level '/Game/David-Level.David-Level:PersistentLevel' has LevelScriptBlueprint '/Game/David-Level.David-Level:PersistentLevel.David-Level' with GeneratedClass '/Game/David-Level.David-Level_C' with ClassGeneratedBy '/Game/David-Level.David-Level:PersistentLevel.David-Level'
[2016.11.09-10.08.19:056][293]LogPlayLevel: PlayLevel: No blueprints needed recompiling
[2016.11.09-10.08.19:081][293]PIE: New page: PIE session: David-Level (9 Nov 2016 10:08:19)
[2016.11.09-10.08.19:081][293]LogPlayLevel: Creating play world package: /Game/UEDPIE_0_David-Level
[2016.11.09-10.08.19:084][293]LogPlayLevel: PIE: StaticDuplicateObject took: (0.003105s)
[2016.11.09-10.08.19:084][293]LogAIModule: Creating AISystem for world David-Level
[2016.11.09-10.08.19:084][293]LogPlayLevel: PIE: World Init took: (0.000654s)
[2016.11.09-10.08.19:085][293]LogPlayLevel: PIE: Created PIE world by copying editor world from /Game/David-Level.David-Level to /Game/UEDPIE_0_David-Level.David-Level (0.003953s)
[2016.11.09-10.08.19:224][293]LogInit: XAudio2 using 'Speakers (Realtek High Definition Audio)' : 2 channels at 48 kHz using 32 bits per sample (channel mask 0x3)
[2016.11.09-10.08.19:255][293]LogInit: FAudioDevice initialized.
[2016.11.09-10.08.19:404][293]LogWorld: Game class is 'BuildGameMode_C'
[2016.11.09-10.08.19:532][293]LogWorld: Bringing World /Game/UEDPIE_0_David-Level.David-Level up for play (max tick rate 60) at 2016.11.09-10.08.19
[2016.11.09-10.08.19:532][293]LogActor:Warning: GameSession /Game/UEDPIE_0_David-Level.David-Level:PersistentLevel.GameSession_0 has natively added scene component(s), but none of them were set as the actor's RootComponent - picking one arbitrarily
[2016.11.09-10.08.19:533][293]LogActor:Warning: GameNetworkManager /Game/UEDPIE_0_David-Level.David-Level:PersistentLevel.GameNetworkManager_0 has natively added scene component(s), but none of them were set as the actor's RootComponent - picking one arbitrarily
[2016.11.09-10.08.19:534][293]LogWorld: Bringing up level for play took: 0.006694
[2016.11.09-10.08.19:716][293]PIE: Info Play in editor start time for /Game/UEDPIE_0_David-Level 0.499
[2016.11.09-10.08.19:716][293]LogBlueprintUserMessages: Late PlayInEditor Detection: Level '/Game/David-Level.David-Level:PersistentLevel' has LevelScriptBlueprint '/Game/David-Level.David-Level:PersistentLevel.David-Level' with GeneratedClass '/Game/David-Level.David-Level_C' with ClassGeneratedBy '/Game/David-Level.David-Level:PersistentLevel.David-Level'
[2016.11.09-10.08.19:881][293]LogScript:Warning: Attempted to get an item from array ActiveWords out of bounds [4/0]!
[2016.11.09-10.08.19:885][293]LogScript:Warning: Attempted to get an item from array ActiveWords out of bounds [3/0]!
[2016.11.09-10.08.19:885][293]LogScript:Warning: Attempted to get an item from array ActiveWords out of bounds [2/0]!
[2016.11.09-10.08.19:885][293]LogScript:Warning: Attempted to get an item from array ActiveWords out of bounds [1/0]!
[2016.11.09-10.08.19:934][294]LogScript:Warning: Attempted to get an item from array ActiveWords out of bounds [4/1]!
[2016.11.09-10.08.19:934][294]LogScript:Warning: Attempted to get an item from array ActiveWords out of bounds [3/1]!
[2016.11.09-10.08.19:934][294]LogScript:Warning: Attempted to get an item from array ActiveWords out of bounds [2/1]!
[2016.11.09-10.08.19:959][295]LogScript:Warning: Attempted to get an item from array ActiveWords out of bounds [4/2]!
[2016.11.09-10.08.19:959][295]LogScript:Warning: Attempted to get an item from array ActiveWords out of bounds [3/2]!
[2016.11.09-10.08.19:978][296]LogScript:Warning: Attempted to get an item from array ActiveWords out of bounds [4/3]!
[2016.11.09-10.08.35:202][910]LogScript:Warning: Attempted to get an item from array CallFunc_GetCharacterArrayFromString_ReturnValue out of bounds [8/7]!
[2016.11.09-10.08.37:464][ 14]LogScript:Warning: Attempted to get an item from array CallFunc_GetCharacterArrayFromString_ReturnValue out of bounds [5/4]!
[2016.11.09-10.08.39:683][125]LogScript:Warning: Attempted to get an item from array CallFunc_GetCharacterArrayFromString_ReturnValue out of bounds [6/5]!
[2016.11.09-10.08.42:570][270]LogScript:Warning: Attempted to get an item from array CallFunc_GetCharacterArrayFromString_ReturnValue out of bounds [6/5]!
[2016.11.09-10.08.45:403][379]LogScript:Warning: Attempted to get an item from array CallFunc_GetCharacterArrayFromString_ReturnValue out of bounds [9/8]!
[2016.11.09-10.08.47:656][454]LogScript:Warning: Attempted to get an item from array CallFunc_GetCharacterArrayFromString_ReturnValue out of bounds [6/5]!
[2016.11.09-10.08.50:017][538]LogScript:Warning: Attempted to get an item from array CallFunc_GetCharacterArrayFromString_ReturnValue out of bounds [6/5]!
[2016.11.09-10.08.52:122][623]LogScript:Warning: Attempted to get an item from array CallFunc_GetCharacterArrayFromString_ReturnValue out of bounds [4/3]!
[2016.11.09-10.08.54:969][750]LogScript:Warning: Attempted to get an item from array CallFunc_GetCharacterArrayFromString_ReturnValue out of bounds [9/8]!
[2016.11.09-10.08.56:915][839]LogScript:Warning: Attempted to get an item from array CallFunc_GetCharacterArrayFromString_ReturnValue out of bounds [5/4]!
[2016.11.09-10.09.01:078][ 27]LogScript:Warning: Attempted to get an item from array CallFunc_GetCharacterArrayFromString_ReturnValue out of bounds [6/5]!
[2016.11.09-10.09.02:856][115]LogScript:Warning: Attempted to get an item from array CallFunc_GetCharacterArrayFromString_ReturnValue out of bounds [5/4]!
[2016.11.09-10.09.06:077][260]LogScript:Warning: Attempted to get an item from array CallFunc_GetCharacterArrayFromString_ReturnValue out of bounds [8/7]!
[2016.11.09-10.09.09:809][427]LogBlueprintUserMessages: Early EndPlayMap Detection: Level '/Game/David-Level.David-Level:PersistentLevel' has LevelScriptBlueprint '/Game/David-Level.David-Level:PersistentLevel.David-Level' with GeneratedClass '/Game/David-Level.David-Level_C' with ClassGeneratedBy '/Game/David-Level.David-Level:PersistentLevel.David-Level'
[2016.11.09-10.09.09:865][427]LogBlueprintUserMessages: Late EndPlayMap Detection: Level '/Game/David-Level.David-Level:PersistentLevel' has LevelScriptBlueprint '/Game/David-Level.David-Level:PersistentLevel.David-Level' with GeneratedClass '/Game/David-Level.David-Level_C' with ClassGeneratedBy '/Game/David-Level.David-Level:PersistentLevel.David-Level'
[2016.11.09-10.09.09:986][427]LogParticles: Destroying 0 GPU particle simulations for FXSystem 0x000001361DF8B420
[2016.11.09-10.09.46:569][674]LogWindowsTextInputMethodSystem:Display: IME system now deactivated.
[2016.11.09-10.09.46:975][675]Cmd: QUIT_EDITOR
[2016.11.09-10.09.48:040][675]LogExit: Preparing to exit.
[2016.11.09-10.09.48:524][675]LogExit: Editor shut down
[2016.11.09-10.09.48:525][675]LogExit: Transaction tracking system shut down
[2016.11.09-10.09.48:614][675]LogParticles: Destroying 0 GPU particle simulations for FXSystem 0x0000013609A2D440
[2016.11.09-10.09.48:614][675]LogParticles: Destroying 0 GPU particle simulations for FXSystem 0x000001361DF17880
[2016.11.09-10.09.48:614][675]LogParticles: Destroying 0 GPU particle simulations for FXSystem 0x000001361DEA1E40
[2016.11.09-10.09.49:656][675]LogExit: Object subsystem successfully closed.
[2016.11.09-10.09.49:749][675]LogD3D11RHI: Shutdown
[2016.11.09-10.09.49:749][675]LogD3D11RHI: CleanupD3DDevice
[2016.11.09-10.09.49:989][675]LogD3D11RHI: ~FD3D11DynamicRHI
[2016.11.09-10.09.50:257][675]LogModuleManager: Shutting down and abandoning module CrashTracker (198)
[2016.11.09-10.09.50:257][675]LogModuleManager: Shutting down and abandoning module SceneOutliner (197)
[2016.11.09-10.09.50:257][675]LogModuleManager: Shutting down and abandoning module SuperSearch (196)
[2016.11.09-10.09.50:257][675]LogModuleManager: Shutting down and abandoning module WidgetCarousel (195)
[2016.11.09-10.09.50:257][675]LogModuleManager: Shutting down and abandoning module AddContentDialog (194)
[2016.11.09-10.09.50:261][675]LogModuleManager: Shutting down and abandoning module EditorWidgets (193)
[2016.11.09-10.09.50:261][675]LogModuleManager: Shutting down and abandoning module CollectionManager (192)
[2016.11.09-10.09.50:261][675]LogModuleManager: Shutting down and abandoning module StatsViewer (191)
[2016.11.09-10.09.50:261][675]LogModuleManager: Shutting down and abandoning module FoliageEdit (190)
[2016.11.09-10.09.50:261][675]LogModuleManager: Shutting down and abandoning module LandscapeEditor (189)
[2016.11.09-10.09.50:276][675]LogModuleManager: Shutting down and abandoning module ActorPickerMode (188)
[2016.11.09-10.09.50:276][675]LogModuleManager: Shutting down and abandoning module GeometryMode (187)
[2016.11.09-10.09.50:276][675]LogModuleManager: Shutting down and abandoning module TextureAlignMode (186)
[2016.11.09-10.09.50:276][675]LogModuleManager: Shutting down and abandoning module BspMode (185)
[2016.11.09-10.09.50:276][675]LogModuleManager: Shutting down and abandoning module PlacementMode (184)
[2016.11.09-10.09.50:276][675]LogModuleManager: Shutting down and abandoning module AutomationWorker (183)
[2016.11.09-10.09.50:276][675]LogModuleManager: Shutting down and abandoning module CharacterAI (182)
[2016.11.09-10.09.50:276][675]LogModuleManager: Shutting down and abandoning module SmartSnapping (181)
[2016.11.09-10.09.50:276][675]LogModuleManager: Shutting down and abandoning module ViewportSnapping (180)
[2016.11.09-10.09.50:276][675]LogModuleManager: Shutting down and abandoning module LogVisualizer (179)
[2016.11.09-10.09.50:276][675]LogModuleManager: Shutting down and abandoning module GameProjectGeneration (178)
[2016.11.09-10.09.50:313][675]LogModuleManager: Shutting down and abandoning module IntroTutorials (177)
[2016.11.09-10.09.50:313][675]LogModuleManager: Shutting down and abandoning module EditorLiveStreaming (176)
[2016.11.09-10.09.50:313][675]LogModuleManager: Shutting down and abandoning module IOSPlatformEditor (175)
[2016.11.09-10.09.50:313][675]LogModuleManager: Shutting down and abandoning module HTML5PlatformEditor (174)
[2016.11.09-10.09.50:313][675]LogModuleManager: Shutting down and abandoning module AndroidDeviceDetection (173)
[2016.11.09-10.09.51:057][675]LogModuleManager: Shutting down and abandoning module AndroidPlatformEditor (172)
[2016.11.09-10.09.51:058][675]LogModuleManager: Shutting down and abandoning module IOSRuntimeSettings (171)
[2016.11.09-10.09.51:058][675]LogModuleManager: Shutting down and abandoning module AndroidRuntimeSettings (170)
[2016.11.09-10.09.51:058][675]LogModuleManager: Shutting down and abandoning module MergeActors (169)
[2016.11.09-10.09.51:058][675]LogModuleManager: Shutting down and abandoning module SizeMap (168)
[2016.11.09-10.09.51:058][675]LogModuleManager: Shutting down and abandoning module TreeMap (167)
[2016.11.09-10.09.51:058][675]LogModuleManager: Shutting down and abandoning module ReferenceViewer (166)
[2016.11.09-10.09.51:058][675]LogModuleManager: Shutting down and abandoning module LocalizationService (165)
[2016.11.09-10.09.51:058][675]LogModuleManager: Shutting down and abandoning module LocalizationDashboard (164)
[2016.11.09-10.09.51:074][675]LogModuleManager: Shutting down and abandoning module HardwareTargeting (163)
[2016.11.09-10.09.51:074][675]LogModuleManager: Shutting down and abandoning module DeviceProfileEditor (162)
[2016.11.09-10.09.51:074][675]LogModuleManager: Shutting down and abandoning module UndoHistory (161)
[2016.11.09-10.09.51:074][675]LogModuleManager: Shutting down and abandoning module GameplayTagsEditor (160)
[2016.11.09-10.09.51:074][675]LogModuleManager: Shutting down and abandoning module UserFeedback (159)
[2016.11.09-10.09.51:074][675]LogModuleManager: Shutting down and abandoning module XmlParser (158)
[2016.11.09-10.09.51:074][675]LogModuleManager: Shutting down and abandoning module Blutility (157)
[2016.11.09-10.09.51:074][675]LogModuleManager: Shutting down and abandoning module ProjectTargetPlatformEditor (156)
[2016.11.09-10.09.51:075][675]LogModuleManager: Shutting down and abandoning module ProjectSettingsViewer (155)
[2016.11.09-10.09.51:075][675]LogModuleManager: Shutting down and abandoning module InputBindingEditor (154)
[2016.11.09-10.09.51:082][675]LogModuleManager: Shutting down and abandoning module EditorSettingsViewer (153)
[2016.11.09-10.09.51:083][675]LogModuleManager: Shutting down and abandoning module SettingsEditor (152)
[2016.11.09-10.09.51:083][675]LogModuleManager: Shutting down and abandoning module ProjectLauncher (151)
[2016.11.09-10.09.51:099][675]LogModuleManager: Shutting down and abandoning module SessionFrontend (150)
[2016.11.09-10.09.51:099][675]LogModuleManager: Shutting down and abandoning module ProfilerClient (149)
[2016.11.09-10.09.51:112][675]LogModuleManager: Shutting down and abandoning module TargetDeviceServices (148)
[2016.11.09-10.09.51:113][675]LogModuleManager: Shutting down and abandoning module DeviceManager (147)
[2016.11.09-10.09.51:113][675]LogModuleManager: Shutting down and abandoning module AutomationController (146)
[2016.11.09-10.09.51:113][675]LogModuleManager: Shutting down and abandoning module AutomationWindow (145)
[2016.11.09-10.09.51:123][675]LogModuleManager: Shutting down and abandoning module Layers (144)
[2016.11.09-10.09.51:136][675]LogModuleManager: Shutting down and abandoning module ComponentVisualizers (143)
[2016.11.09-10.09.51:136][675]LogModuleManager: Shutting down and abandoning module DetailCustomizations (142)
[2016.11.09-10.09.51:159][675]LogModuleManager: Shutting down and abandoning module PackagesDialog (141)
[2016.11.09-10.09.51:159][675]LogModuleManager: Shutting down and abandoning module Persona (140)
[2016.11.09-10.09.51:185][675]LogModuleManager: Shutting down and abandoning module Kismet (139)
[2016.11.09-10.09.51:186][675]LogModuleManager: Shutting down and abandoning module GraphEditor (138)
[2016.11.09-10.09.51:225][675]LogModuleManager: Shutting down and abandoning module ClassViewer (137)
[2016.11.09-10.09.51:225][675]LogModuleManager: Shutting down and abandoning module Toolbox (136)
[2016.11.09-10.09.51:225][675]LogModuleManager: Shutting down and abandoning module ModuleUI (135)
[2016.11.09-10.09.51:231][675]LogModuleManager: Shutting down and abandoning module MovieSceneTools (134)
[2016.11.09-10.09.51:242][675]LogModuleManager: Shutting down and abandoning module OutputLog (133)
[2016.11.09-10.09.51:242][675]LogModuleManager: Shutting down and abandoning module GammaUI (132)
[2016.11.09-10.09.51:248][675]LogModuleManager: Shutting down and abandoning module Documentation (131)
[2016.11.09-10.09.51:248][675]LogModuleManager: Shutting down and abandoning module GameLiveStreaming (130)
[2016.11.09-10.09.51:248][675]LogModuleManager: Shutting down and abandoning module StreamingPauseRendering (129)
[2016.11.09-10.09.51:248][675]LogModuleManager: Shutting down and abandoning module AnalyticsET (128)
[2016.11.09-10.09.51:248][675]LogModuleManager: Shutting down and abandoning module Analytics (127)
[2016.11.09-10.09.51:248][675]LogModuleManager: Shutting down and abandoning module AITestSuite (126)
[2016.11.09-10.09.51:249][675]LogModuleManager: Shutting down and abandoning module GameplayDebugger (125)
[2016.11.09-10.09.51:249][675]LogModuleManager: Shutting down and abandoning module AIModule (124)
[2016.11.09-10.09.51:249][675]LogModuleManager: Shutting down and abandoning module ProfilerService (123)
[2016.11.09-10.09.51:389][675]LogModuleManager: Shutting down and abandoning module TaskGraph (122)
[2016.11.09-10.09.51:401][675]LogModuleManager: Shutting down and abandoning module SlateRemote (121)
[2016.11.09-10.09.51:401][675]LogModuleManager: Shutting down and abandoning module SteamVRController (120)
[2016.11.09-10.09.51:401][675]LogModuleManager: Shutting down and abandoning module SteamVR (119)
[2016.11.09-10.09.51:401][675]LogModuleManager: Shutting down and abandoning module ProceduralMeshComponent (118)
[2016.11.09-10.09.51:401][675]LogModuleManager: Shutting down and abandoning module OculusLibrary (117)
[2016.11.09-10.09.51:401][675]LogModuleManager: Shutting down and abandoning module OculusInput (116)
[2016.11.09-10.09.51:401][675]LogModuleManager: Shutting down and abandoning module LeapMotionController (115)
[2016.11.09-10.09.51:458][675]LogModuleManager: Shutting down and abandoning module CustomMeshComponent (114)
[2016.11.09-10.09.51:458][675]LogModuleManager: Shutting down and abandoning module CableComponent (113)
[2016.11.09-10.09.51:458][675]LogModuleManager: Shutting down and abandoning module ArchVisCharacter (112)
[2016.11.09-10.09.51:458][675]LogModuleManager: Shutting down and abandoning module MessagingDebugger (111)
[2016.11.09-10.09.51:488][675]LogModuleManager: Shutting down and abandoning module MediaPlayerEditor (110)
[2016.11.09-10.09.51:494][675]LogModuleManager: Shutting down and abandoning module HTML5Networking (109)
[2016.11.09-10.09.51:494][675]LogModuleManager: Shutting down and abandoning module SpeedTreeImporter (108)
[2016.11.09-10.09.51:494][675]LogModuleManager: Shutting down and abandoning module PluginBrowser (107)
[2016.11.09-10.09.51:500][675]LogModuleManager: Shutting down and abandoning module EpicSurvey (106)
[2016.11.09-10.09.51:500][675]LogModuleManager: Shutting down and abandoning module DesktopPlatform (105)
[2016.11.09-10.09.51:500][675]LogModuleManager: Shutting down and abandoning module VisualStudioSourceCodeAccess (104)
[2016.11.09-10.09.51:500][675]LogModuleManager: Shutting down and abandoning module UObjectPlugin (103)
[2016.11.09-10.09.51:500][675]LogModuleManager: Shutting down and abandoning module SubversionSourceControl (102)
[2016.11.09-10.09.51:500][675]LogModuleManager: Shutting down and abandoning module PerforceSourceControl (101)
[2016.11.09-10.09.51:500][675]LogModuleManager: Shutting down and abandoning module SourceControl (100)
[2016.11.09-10.09.51:510][675]LogModuleManager: Shutting down and abandoning module GitSourceControl (99)
[2016.11.09-10.09.51:510][675]LogModuleManager: Shutting down and abandoning module LightPropagationVolumeEditor (98)
[2016.11.09-10.09.51:510][675]LogModuleManager: Shutting down and abandoning module PaperTiledImporter (97)
[2016.11.09-10.09.51:510][675]LogModuleManager: Shutting down and abandoning module PaperSpriteSheetImporter (96)
[2016.11.09-10.09.51:510][675]LogModuleManager: Shutting down and abandoning module MeshPaint (95)
[2016.11.09-10.09.51:510][675]LogModuleManager: Shutting down and abandoning module SlateReflector (94)
[2016.11.09-10.09.51:519][675]LogModuleManager: Shutting down and abandoning module HotReload (93)
[2016.11.09-10.09.51:519][675]LogModuleManager: Shutting down and abandoning module MainFrame (92)
[2016.11.09-10.09.51:520][675]LogModuleManager: Shutting down and abandoning module LevelEditor (91)
[2016.11.09-10.09.51:533][675]LogModuleManager: Shutting down and abandoning module DirectoryWatcher (90)
[2016.11.09-10.09.51:536][675]LogModuleManager: Shutting down and abandoning module AssetRegistry (89)
[2016.11.09-10.09.51:730][675]LogModuleManager: Shutting down and abandoning module ContentBrowser (88)
[2016.11.09-10.09.51:731][675]LogModuleManager: Shutting down and abandoning module Paper2DEditor (87)
[2016.11.09-10.09.51:737][675]LogModuleManager: Shutting down and abandoning module UdpMessaging (86)
[2016.11.09-10.09.51:837][675]LogModuleManager: Shutting down and abandoning module LightPropagationVolumeRuntime (85)
[2016.11.09-10.09.51:837][675]LogModuleManager: Shutting down and abandoning module Paper2D (84)
[2016.11.09-10.09.51:837][675]LogModuleManager: Shutting down and abandoning module WindowsMoviePlayer (83)
[2016.11.09-10.09.51:839][675]LogModuleManager: Shutting down and abandoning module Media (82)
[2016.11.09-10.09.51:839][675]LogModuleManager: Shutting down and abandoning module WmfMedia (81)
[2016.11.09-10.09.51:839][675]LogModuleManager: Shutting down and abandoning module OnlineBlueprintSupport (80)
[2016.11.09-10.09.51:839][675]LogModuleManager: Shutting down and abandoning module GameplayTasksEditor (79)
[2016.11.09-10.09.51:839][675]LogModuleManager: Shutting down and abandoning module PropertyEditor (78)
[2016.11.09-10.09.51:873][675]LogModuleManager: Shutting down and abandoning module BehaviorTreeEditor (77)
[2016.11.09-10.09.51:887][675]LogModuleManager: Shutting down and abandoning module FunctionalTesting (76)
[2016.11.09-10.09.51:887][675]LogModuleManager: Shutting down and abandoning module CollisionAnalyzer (75)
[2016.11.09-10.09.51:887][675]LogModuleManager: Shutting down and abandoning module WorkspaceMenuStructure (74)
[2016.11.09-10.09.51:887][675]LogModuleManager: Shutting down and abandoning module MessageLog (73)
[2016.11.09-10.09.51:887][675]LogModuleManager: Shutting down and abandoning module Sequencer (72)
[2016.11.09-10.09.51:911][675]LogModuleManager: Shutting down and abandoning module AssetTools (71)
[2016.11.09-10.09.51:989][675]LogModuleManager: Shutting down and abandoning module UMGEditor (70)
[2016.11.09-10.09.52:014][675]LogModuleManager: Shutting down and abandoning module UMG (69)
[2016.11.09-10.09.52:014][675]LogModuleManager: Shutting down and abandoning module Slate (68)
[2016.11.09-10.09.52:014][675]LogModuleManager: Shutting down and abandoning module EditorStyle (67)
[2016.11.09-10.09.52:022][675]LogModuleManager: Shutting down and abandoning module SessionServices (66)
[2016.11.09-10.09.52:022][675]LogModuleManager: Shutting down and abandoning module SourceCodeAccess (65)
[2016.11.09-10.09.52:023][675]LogModuleManager: Shutting down and abandoning module HeadMountedDisplay (64)
[2016.11.09-10.09.52:023][675]LogModuleManager: Shutting down and abandoning module XAudio2 (63)
[2016.11.09-10.09.52:023][675]LogModuleManager: Shutting down and abandoning module Networking (61)
[2016.11.09-10.09.52:023][675]LogModuleManager: Shutting down and abandoning module Core (60)
[2016.11.09-10.09.52:023][675]LogModuleManager: Shutting down and abandoning module KismetCompiler (59)
[2016.11.09-10.09.52:023][675]LogModuleManager: Shutting down and abandoning module PhysXFormats (58)
[2016.11.09-10.09.52:023][675]LogModuleManager: Shutting down and abandoning module MeshUtilities (57)
[2016.11.09-10.09.52:045][675]LogModuleManager: Shutting down and abandoning module DerivedDataCache (56)
[2016.11.09-10.09.52:107][675]LogDerivedDataCache: Shutdown
[2016.11.09-10.09.52:108][675]LogModuleManager: Shutting down and abandoning module ShaderFormatOpenGL (55)
[2016.11.09-10.09.52:123][675]LogModuleManager: Shutting down and abandoning module ShaderFormatD3D (54)
[2016.11.09-10.09.52:123][675]LogModuleManager: Shutting down and abandoning module MetalShaderFormat (53)
[2016.11.09-10.09.52:134][675]LogModuleManager: Shutting down and abandoning module TextureFormatUncompressed (52)
[2016.11.09-10.09.52:134][675]LogModuleManager: Shutting down and abandoning module TextureFormatPVR (51)
[2016.11.09-10.09.52:135][675]LogModuleManager: Shutting down and abandoning module TextureFormatIntelISPCTexComp (50)
[2016.11.09-10.09.52:135][675]LogModuleManager: Shutting down and abandoning module TextureFormatDXT (49)
[2016.11.09-10.09.52:135][675]LogModuleManager: Shutting down and abandoning module ImageWrapper (48)
[2016.11.09-10.09.52:135][675]LogModuleManager: Shutting down and abandoning module TextureFormatASTC (47)
[2016.11.09-10.09.52:135][675]LogModuleManager: Shutting down and abandoning module TextureFormatAndroid (46)
[2016.11.09-10.09.52:135][675]LogModuleManager: Shutting down and abandoning module AudioFormatOpus (45)
[2016.11.09-10.09.52:135][675]LogModuleManager: Shutting down and abandoning module AudioFormatOgg (44)
[2016.11.09-10.09.52:135][675]LogModuleManager: Shutting down and abandoning module AudioFormatADPCM (43)
[2016.11.09-10.09.52:135][675]LogModuleManager: Shutting down and abandoning module LinuxTargetPlatform (42)
[2016.11.09-10.09.52:135][675]LogModuleManager: Shutting down and abandoning module LinuxServerTargetPlatform (41)
[2016.11.09-10.09.52:135][675]LogModuleManager: Shutting down and abandoning module LinuxNoEditorTargetPlatform (40)
[2016.11.09-10.09.52:135][675]LogModuleManager: Shutting down and abandoning module Messaging (39)
[2016.11.09-10.09.52:135][675]LogModuleManager: Shutting down and abandoning module IOSTargetPlatform (38)
[2016.11.09-10.09.52:135][675]LogModuleManager: Shutting down and abandoning module HTML5TargetPlatform (37)
[2016.11.09-10.09.52:135][675]LogModuleManager: Shutting down and abandoning module Android_PVRTCTargetPlatform (36)
[2016.11.09-10.09.52:135][675]LogModuleManager: Shutting down and abandoning module Android_MultiTargetPlatform (35)
[2016.11.09-10.09.52:135][675]LogModuleManager: Shutting down and abandoning module Android_ETC2TargetPlatform (34)
[2016.11.09-10.09.52:135][675]LogModuleManager: Shutting down and abandoning module Android_ETC1TargetPlatform (33)
[2016.11.09-10.09.52:135][675]LogModuleManager: Shutting down and abandoning module Android_DXTTargetPlatform (32)
[2016.11.09-10.09.52:135][675]LogModuleManager: Shutting down and abandoning module Android_ATCTargetPlatform (31)
[2016.11.09-10.09.52:135][675]LogModuleManager: Shutting down and abandoning module Android_ASTCTargetPlatform (30)
[2016.11.09-10.09.52:135][675]LogModuleManager: Shutting down and abandoning module AndroidTargetPlatform (29)
[2016.11.09-10.09.52:135][675]LogModuleManager: Shutting down and abandoning module WindowsTargetPlatform (28)
[2016.11.09-10.09.52:135][675]LogModuleManager: Shutting down and abandoning module WindowsServerTargetPlatform (27)
[2016.11.09-10.09.52:135][675]LogModuleManager: Shutting down and abandoning module WindowsNoEditorTargetPlatform (26)
[2016.11.09-10.09.52:135][675]LogModuleManager: Shutting down and abandoning module WindowsClientTargetPlatform (25)
[2016.11.09-10.09.52:135][675]LogModuleManager: Shutting down and abandoning module AllDesktopTargetPlatform (24)
[2016.11.09-10.09.52:136][675]LogModuleManager: Shutting down and abandoning module TargetPlatform (23)
[2016.11.09-10.09.52:136][675]LogModuleManager: Shutting down and abandoning module InputCore (22)
[2016.11.09-10.09.52:136][675]LogModuleManager: Shutting down and abandoning module Settings (21)
[2016.11.09-10.09.52:136][675]LogModuleManager: Shutting down and abandoning module OnlineSubsystem (19)
[2016.11.09-10.09.52:136][675]LogModuleManager: Shutting down and abandoning module HTTP (18)
[2016.11.09-10.09.53:138][675]LogModuleManager: Shutting down and abandoning module XMPP (17)
[2016.11.09-10.09.53:228][675]LogModuleManager: Shutting down and abandoning module OculusRift (16)
[2016.11.09-10.09.53:237][675]LogModuleManager: Shutting down and abandoning module ExampleDeviceProfileSelector (15)
[2016.11.09-10.09.53:237][675]LogModuleManager: Shutting down and abandoning module TextureCompressor (14)
[2016.11.09-10.09.53:238][675]LogModuleManager: Shutting down and abandoning module ShaderCore (13)
[2016.11.09-10.09.53:238][675]LogModuleManager: Shutting down and abandoning module Landscape (12)
[2016.11.09-10.09.53:238][675]LogModuleManager: Shutting down and abandoning module SlateRHIRenderer (11)
[2016.11.09-10.09.53:240][675]LogModuleManager: Shutting down and abandoning module OpenGLDrv (10)
[2016.11.09-10.09.53:272][675]LogModuleManager: Shutting down and abandoning module D3D11RHI (9)
[2016.11.09-10.09.53:272][675]LogModuleManager: Shutting down and abandoning module AnimGraphRuntime (8)
[2016.11.09-10.09.53:280][675]LogModuleManager: Shutting down and abandoning module Renderer (7)
[2016.11.09-10.09.53:280][675]LogModuleManager: Shutting down and abandoning module Engine (6)
[2016.11.09-10.09.53:280][675]LogModuleManager: Shutting down and abandoning module CoreUObject (5)
[2016.11.09-10.09.53:280][675]LogModuleManager: Shutting down and abandoning module NetworkFile (4)
[2016.11.09-10.09.53:293][675]LogModuleManager: Shutting down and abandoning module StreamingFile (3)
[2016.11.09-10.09.53:293][675]LogModuleManager: Shutting down and abandoning module SandboxFile (2)
[2016.11.09-10.09.53:294][675]LogModuleManager: Shutting down and abandoning module PakFile (1)
[2016.11.09-10.09.53:301][675]LogExit: Exiting.
[2016.11.09-10.09.53:306][675]Log file closed, 11/09/16 10:09:53
