[2016.12.09-14.12.03:897][  0]Log file open, 12/09/16 14:12:03
[2016.12.09-14.12.03:897][  0]LogInit:Display: Running engine for game: ConstructionMadness
[2016.12.09-14.12.03:897][  0]LogPlatformFile: Not using cached read wrapper
[2016.12.09-14.12.03:897][  0]LogInit:Display: RandInit(-1245839980) SRandInit(-1245839979).
[2016.12.09-14.12.03:897][  0]LogTaskGraph: Started task graph with 4 named threads and 5 total threads.
[2016.12.09-14.12.03:897][  0]LogStats: Stats thread started at 0.068287
[2016.12.09-14.12.03:897][  0]LogInit: Version: 4.10.2-2818068+++depot+UE4-Releases+4.10
[2016.12.09-14.12.03:897][  0]LogInit: API Version: 2758231
[2016.12.09-14.12.03:897][  0]LogInit: Compiled (64-bit): Jan  6 2016 17:36:42
[2016.12.09-14.12.03:897][  0]LogInit: Compiled with Visual C++: 19.00.23026.00
[2016.12.09-14.12.03:897][  0]LogInit: Build Configuration: Development
[2016.12.09-14.12.03:897][  0]LogInit: Branch Name: ++depot+UE4-Releases+4.10
[2016.12.09-14.12.03:897][  0]LogInit: Command line:  
[2016.12.09-14.12.03:897][  0]LogInit: Base directory: C:/Program Files (x86)/Epic Games/4.10/Engine/Binaries/Win64/
[2016.12.09-14.12.03:897][  0]LogInit: Rocket: 1
[2016.12.09-14.12.03:907][  0]LogInit: Using libcurl 7.41.0
[2016.12.09-14.12.03:907][  0]LogInit:  - built for x86_64-pc-win32
[2016.12.09-14.12.03:907][  0]LogInit:  - supports SSL with WinSSL
[2016.12.09-14.12.03:907][  0]LogInit:  - other features:
[2016.12.09-14.12.03:907][  0]LogInit:      CURL_VERSION_SSL
[2016.12.09-14.12.03:907][  0]LogInit:      CURL_VERSION_IPV6
[2016.12.09-14.12.03:907][  0]LogInit:      CURL_VERSION_ASYNCHDNS
[2016.12.09-14.12.03:907][  0]LogInit:      CURL_VERSION_LARGEFILE
[2016.12.09-14.12.03:907][  0]LogInit:      CURL_VERSION_IDN
[2016.12.09-14.12.03:907][  0]LogInit:  CurlRequestOptions (configurable via config and command line):
[2016.12.09-14.12.03:907][  0]LogInit:  - bVerifyPeer = true  - Libcurl will verify peer certificate
[2016.12.09-14.12.03:907][  0]LogInit:  - bUseHttpProxy = false  - Libcurl will NOT use HTTP proxy
[2016.12.09-14.12.03:907][  0]LogInit:  - bDontReuseConnections = false  - Libcurl will reuse connections
[2016.12.09-14.12.03:907][  0]LogInit:  - CertBundlePath = nullptr  - Libcurl will use whatever was configured at build time.
[2016.12.09-14.12.03:914][  0]LogInit: Presizing for 0 objects not considered by GC, pre-allocating 0 bytes.
[2016.12.09-14.12.03:920][  0]LogInit: Object subsystem initialized
[2016.12.09-14.12.03:921][  0]LogInit: Selected Device Profile: [Windows]
[2016.12.09-14.12.03:921][  0]LogInit: Applying CVar settings loaded from the selected device profile: [Windows]
[2016.12.09-14.12.03:932][  0]LogInit: Computer: LAPTOP-TCEGHJTQ
[2016.12.09-14.12.03:932][  0]LogInit: User: David
[2016.12.09-14.12.03:932][  0]LogInit: CPU Page size=4096, Cores=2
[2016.12.09-14.12.03:932][  0]LogInit: High frequency timer resolution =2.338338 MHz
[2016.12.09-14.12.03:932][  0]LogMemory: Memory total: Physical=15.9GB (16GB approx)
[2016.12.09-14.12.03:932][  0]LogMemory: Platform Memory Stats for Windows
[2016.12.09-14.12.03:932][  0]LogMemory: Process Physical Memory: 56.34 MB used, 56.34 MB peak
[2016.12.09-14.12.03:932][  0]LogMemory: Process Virtual Memory: 55.54 MB used, 55.54 MB peak
[2016.12.09-14.12.03:932][  0]LogMemory: Physical Memory: 4812.87 MB used, 16297.84 MB total
[2016.12.09-14.12.03:932][  0]LogMemory: Virtual Memory: 381.10 MB used, 134217728.00 MB total
[2016.12.09-14.12.03:964][  0]LogTextLocalizationManager: No specific translations for ('en-GB') exist, so ('en') translations will be used.
[2016.12.09-14.12.04:418][  0]LogD3D11RHI: Found D3D11 adapter 0: Intel(R) HD Graphics 5500 (Feature Level 11_0)
[2016.12.09-14.12.04:418][  0]LogD3D11RHI: Adapter has 128MB of dedicated video memory, 0MB of dedicated system memory, and 8148MB of shared system memory, 1 output[s]
[2016.12.09-14.12.04:967][  0]LogD3D11RHI: Found D3D11 adapter 1: AMD Radeon(TM) R9 M375 (Feature Level 11_0)
[2016.12.09-14.12.04:967][  0]LogD3D11RHI: Adapter has 4074MB of dedicated video memory, 0MB of dedicated system memory, and 8148MB of shared system memory, 0 output[s]
[2016.12.09-14.12.04:969][  0]LogD3D11RHI: Found D3D11 adapter 2: Microsoft Basic Render Driver (Feature Level 11_0)
[2016.12.09-14.12.04:969][  0]LogD3D11RHI: Adapter has 0MB of dedicated video memory, 0MB of dedicated system memory, and 8148MB of shared system memory, 0 output[s]
[2016.12.09-14.12.04:970][  0]LogD3D11RHI: Chosen D3D11 Adapter Id = 0
[2016.12.09-14.12.04:977][  0]LogD3D11RHI: !Direct3DDevice
[2016.12.09-14.12.04:977][  0]LogRHI: Texture pool is 1361 MB (70% of 1945 MB)
[2016.12.09-14.12.04:984][  0]LogD3D11RHI: Async texture creation enabled
[2016.12.09-14.12.04:991][  0]LogShaderCompilers: Guid format shader working directory is -31 characters bigger than the processId version (../../../../../../Users/David/Desktop/ConstructionMadness/ConstructionMadness/Intermediate/Shaders/WorkingDirectory/2512/).
[2016.12.09-14.12.04:992][  0]LogShaderCompilers: Cleaned the shader compiler working directory 'C:/Users/David/AppData/Local/Temp/UnrealShaderWorkingDir/511C312543A71A2C8D76AB9A3AF14CF5/'.
[2016.12.09-14.12.04:992][  0]LogShaderCompilers:Display: Using Local Shader Compiler.
[2016.12.09-14.12.05:851][  0]LogTemp:Display: Loaded TP AllDesktopTargetPlatform
[2016.12.09-14.12.05:857][  0]LogTemp:Display: Loaded TP WindowsClientTargetPlatform
[2016.12.09-14.12.05:862][  0]LogTemp:Display: Loaded TP WindowsNoEditorTargetPlatform
[2016.12.09-14.12.05:867][  0]LogTemp:Display: Loaded TP WindowsServerTargetPlatform
[2016.12.09-14.12.05:873][  0]LogTemp:Display: Loaded TP WindowsTargetPlatform
[2016.12.09-14.12.05:876][  0]LogTemp:Display: Loaded TP AndroidTargetPlatform
[2016.12.09-14.12.05:879][  0]LogTemp:Display: Loaded TP Android_ASTCTargetPlatform
[2016.12.09-14.12.05:883][  0]LogTemp:Display: Loaded TP Android_ATCTargetPlatform
[2016.12.09-14.12.05:888][  0]LogTemp:Display: Loaded TP Android_DXTTargetPlatform
[2016.12.09-14.12.05:892][  0]LogTemp:Display: Loaded TP Android_ETC1TargetPlatform
[2016.12.09-14.12.05:895][  0]LogTemp:Display: Loaded TP Android_ETC2TargetPlatform
[2016.12.09-14.12.05:904][  0]LogTemp:Display: Loaded TP Android_MultiTargetPlatform
[2016.12.09-14.12.05:904][  0]LogTemp:Display: Loaded TP Android_PVRTCTargetPlatform
[2016.12.09-14.12.05:905][  0]LogTemp:Display: Loaded TP HTML5TargetPlatform
[2016.12.09-14.12.05:922][  0]LogTemp:Display: Loaded TP IOSTargetPlatform
[2016.12.09-14.12.05:925][  0]LogTemp:Display: Loaded TP LinuxNoEditorTargetPlatform
[2016.12.09-14.12.05:929][  0]LogTemp:Display: Loaded TP LinuxServerTargetPlatform
[2016.12.09-14.12.05:932][  0]LogTemp:Display: Loaded TP LinuxTargetPlatform
[2016.12.09-14.12.05:932][  0]LogTargetPlatformManager:Display: Building Assets For Windows
[2016.12.09-14.12.06:031][  0]LogDerivedDataCache:Display: Max Cache Size: 512 MB
[2016.12.09-14.12.06:047][  0]LogDerivedDataCache: Loaded boot cache 0.02s 11MB C:/Users/David/AppData/Local/UnrealEngine/4.10/DerivedDataCache/Boot.ddc.
[2016.12.09-14.12.06:047][  0]LogDerivedDataCache:Display: Loaded Boot cache: C:/Users/David/AppData/Local/UnrealEngine/4.10/DerivedDataCache/Boot.ddc
[2016.12.09-14.12.06:047][  0]LogDerivedDataCache: FDerivedDataBackendGraph:  Pak pak cache file ../../../../../../Users/David/Desktop/ConstructionMadness/ConstructionMadness/DerivedDataCache/DDC.ddp not found, will not use a pak cache.
[2016.12.09-14.12.06:047][  0]LogDerivedDataCache: Unable to find inner node Pak for hierarchical cache Hierarchy.
[2016.12.09-14.12.06:047][  0]LogDerivedDataCache: FDerivedDataBackendGraph:  CompressedPak pak cache file ../../../../../../Users/David/Desktop/ConstructionMadness/ConstructionMadness/DerivedDataCache/Compressed.ddp not found, will not use a pak cache.
[2016.12.09-14.12.06:047][  0]LogDerivedDataCache: Unable to find inner node CompressedPak for hierarchical cache Hierarchy.
[2016.12.09-14.12.06:115][  0]LogDerivedDataCache:Display: Pak cache opened for reading ../../../Engine/DerivedDataCache/Compressed.ddp.
[2016.12.09-14.12.06:127][  0]LogDerivedDataCache: Using Local data cache path C:/Users/David/AppData/Local/UnrealEngine/Common/DerivedDataCache: Writable
[2016.12.09-14.12.06:322][  0]LogInit: Selected Device Profile: [Windows]
[2016.12.09-14.12.06:325][  0]LogContentStreaming: Texture pool size is 0.000000MB
[2016.12.09-14.12.06:487][  0]LogMeshUtilities: No automatic mesh reduction module available
[2016.12.09-14.12.06:487][  0]LogMeshUtilities: No automatic mesh merging module available
[2016.12.09-14.12.07:186][  0]LogInit: WinSock: version 1.1 (2.2), MaxSocks=32767, MaxUdp=65467
[2016.12.09-14.12.07:989][  0]UdpMessaging: Initializing bridge on interface 0.0.0.0:0 to multicast group 230.0.0.1:6666.
[2016.12.09-14.12.08:111][  0]LogAssetRegistry: FAssetRegistry took 0.0109 seconds to start up
[2016.12.09-14.12.08:395][  0]SourceControl: Info Source control is disabled
[2016.12.09-14.12.08:396][  0]SourceControl: Info Source control is disabled
[2016.12.09-14.12.08:409][  0]SourceControl: Info Source control is disabled
[2016.12.09-14.12.08:422][  0]SourceControl: Info Source control is disabled
[2016.12.09-14.12.08:689][  0]LogObj: 28633 objects as part of root set at end of initial load.
[2016.12.09-14.12.08:690][  0]LogUObjectAllocator: 6099744 out of 0 bytes used by permanent object pool.
[2016.12.09-14.12.08:746][  0]LogEngine: Initializing Engine...
[2016.12.09-14.12.08:749][  0]LogHMD: Can't find Oculus library dev build: is proper Runtime installed? Version: 0.8.0.0
[2016.12.09-14.12.08:750][  0]LogHMD: SteamVR failed to initialize.  Err: 110
[2016.12.09-14.12.08:907][  0]LogAIModule: Creating AISystem for world NewWorld
[2016.12.09-14.12.08:911][  0]LogInit: XAudio2 using 'Speakers (Realtek High Definition Audio)' : 2 channels at 48 kHz using 32 bits per sample (channel mask 0x3)
[2016.12.09-14.12.08:923][  0]LogInit: FAudioDevice initialized.
[2016.12.09-14.12.08:950][  0]LogDerivedDataCache: Saved boot cache 0.03s 45MB C:/Users/David/AppData/Local/UnrealEngine/4.10/DerivedDataCache/Boot.ddc.
[2016.12.09-14.12.08:957][  0]LogInit: Texture streaming: Enabled
[2016.12.09-14.12.08:963][  0]LogAnalytics: Creating configured Analytics provider AnalyticsET
[2016.12.09-14.12.08:963][  0]LogAnalytics: [UEEditor.Rocket.Release] APIServer = http://et2.epicgames.com/ET2/. AppVersion = 4.10.2-2818068+++depot+UE4-Releases+4.10
[2016.12.09-14.12.08:963][  0]LogAnalytics: [UEEditor.Rocket.Release] SetUserId 51bad3324626f8b32aeb23b5d6210868|c381b92b33784ccaa7b778c4b0f76233|7a75b928-ee2d-4f84-b046-c4f65b0113e6
[2016.12.09-14.12.08:963][  0]LogAnalytics: [UEEditor.Rocket.Release] AnalyticsET::StartSession
[2016.12.09-14.12.08:977][  0]LogWindowsTextInputMethodSystem:Display: IME system now deactivated.
[2016.12.09-14.12.09:004][  0]LogInit: Transaction tracking system initialized
[2016.12.09-14.12.09:042][  0]BlueprintLog: New page: Editor Load
[2016.12.09-14.12.09:145][  0]LocalizationService: Info Localization service is disabled
[2016.12.09-14.12.09:243][  0]LogConsoleResponse:Display: 
[2016.12.09-14.12.09:394][  0]LogCook:Display: Done creating registry. It took  0.00s.
[2016.12.09-14.12.09:485][  0]LogFileCache: Scanning file cache for directory 'C:/Users/David/Desktop/ConstructionMadness/ConstructionMadness/Content/' took 0.01s
[2016.12.09-14.12.09:485][  0]SourceControl: Info Source control is disabled
[2016.12.09-14.12.09:485][  0]Cmd: MAP LOAD FILE="../../../../../../Users/David/Desktop/ConstructionMadness/ConstructionMadness/Content/Maps/MainMenu.umap" TEMPLATE=0 SHOWPROGRESS=1 FEATURELEVEL=3
[2016.12.09-14.12.09:486][  0]LightingResults: New page: Lighting Build
[2016.12.09-14.12.09:491][  0]MapCheck: New page: Map Check
[2016.12.09-14.12.09:491][  0]LightingResults: New page: Lighting Build
[2016.12.09-14.12.09:513][  0]LogParticles: Destroying 0 GPU particle simulations for FXSystem 0x00000261AE1DFB00
[2016.12.09-14.12.09:810][  0]LogAIModule: Creating AISystem for world MainMenu
[2016.12.09-14.12.09:811][  0]LogEditorServer: Finished looking for orphan Actors (0.000 secs)
[2016.12