[2016.11.08-01.30.05:979][  0]Log file open, 11/08/16 01:30:05
[2016.11.08-01.30.05:979][  0]LogInit:Display: Running engine for game: ConstructionMadness
[2016.11.08-01.30.05:979][  0]LogPlatformFile: Not using cached read wrapper
[2016.11.08-01.30.05:979][  0]LogInit:Display: RandInit(1036812962) SRandInit(1036812966).
[2016.11.08-01.30.05:979][  0]LogTaskGraph: Started task graph with 4 named threads and 5 total threads.
[2016.11.08-01.30.05:979][  0]LogStats: Stats thread started at 1.842168
[2016.11.08-01.30.05:979][  0]LogInit: Version: 4.10.2-2818068+++depot+UE4-Releases+4.10
[2016.11.08-01.30.05:979][  0]LogInit: API Version: 2758231
[2016.11.08-01.30.05:979][  0]LogInit: Compiled (64-bit): Jan  6 2016 17:36:42
[2016.11.08-01.30.05:979][  0]LogInit: Compiled with Visual C++: 19.00.23026.00
[2016.11.08-01.30.05:979][  0]LogInit: Build Configuration: Development
[2016.11.08-01.30.05:979][  0]LogInit: Branch Name: ++depot+UE4-Releases+4.10
[2016.11.08-01.30.05:979][  0]LogInit: Command line:  
[2016.11.08-01.30.05:979][  0]LogInit: Base directory: C:/Program Files (x86)/Epic Games/4.10/Engine/Binaries/Win64/
[2016.11.08-01.30.05:979][  0]LogInit: Rocket: 1
[2016.11.08-01.30.06:069][  0]LogInit: Using libcurl 7.41.0
[2016.11.08-01.30.06:069][  0]LogInit:  - built for x86_64-pc-win32
[2016.11.08-01.30.06:069][  0]LogInit:  - supports SSL with WinSSL
[2016.11.08-01.30.06:069][  0]LogInit:  - other features:
[2016.11.08-01.30.06:069][  0]LogInit:      CURL_VERSION_SSL
[2016.11.08-01.30.06:069][  0]LogInit:      CURL_VERSION_IPV6
[2016.11.08-01.30.06:069][  0]LogInit:      CURL_VERSION_ASYNCHDNS
[2016.11.08-01.30.06:069][  0]LogInit:      CURL_VERSION_LARGEFILE
[2016.11.08-01.30.06:069][  0]LogInit:      CURL_VERSION_IDN
[2016.11.08-01.30.06:072][  0]LogInit:  CurlRequestOptions (configurable via config and command line):
[2016.11.08-01.30.06:072][  0]LogInit:  - bVerifyPeer = true  - Libcurl will verify peer certificate
[2016.11.08-01.30.06:072][  0]LogInit:  - bUseHttpProxy = false  - Libcurl will NOT use HTTP proxy
[2016.11.08-01.30.06:073][  0]LogInit:  - bDontReuseConnections = false  - Libcurl will reuse connections
[2016.11.08-01.30.06:073][  0]LogInit:  - CertBundlePath = nullptr  - Libcurl will use whatever was configured at build time.
[2016.11.08-01.30.06:173][  0]LogInit: Presizing for 0 objects not considered by GC, pre-allocating 0 bytes.
[2016.11.08-01.30.06:204][  0]LogInit: Object subsystem initialized
[2016.11.08-01.30.06:287][  0]LogInit: Selected Device Profile: [Windows]
[2016.11.08-01.30.06:287][  0]LogInit: Applying CVar settings loaded from the selected device profile: [Windows]
[2016.11.08-01.30.06:383][  0]LogInit: Computer: LAPTOP-TCEGHJTQ
[2016.11.08-01.30.06:383][  0]LogInit: User: David
[2016.11.08-01.30.06:383][  0]LogInit: CPU Page size=4096, Cores=2
[2016.11.08-01.30.06:383][  0]LogInit: High frequency timer resolution =2.338335 MHz
[2016.11.08-01.30.06:383][  0]LogMemory: Memory total: Physical=15.9GB (16GB approx)
[2016.11.08-01.30.06:383][  0]LogMemory: Platform Memory Stats for Windows
[2016.11.08-01.30.06:383][  0]LogMemory: Process Physical Memory: 55.72 MB used, 55.72 MB peak
[2016.11.08-01.30.06:383][  0]LogMemory: Process Virtual Memory: 55.47 MB used, 55.47 MB peak
[2016.11.08-01.30.06:383][  0]LogMemory: Physical Memory: 3439.11 MB used, 16297.84 MB total
[2016.11.08-01.30.06:383][  0]LogMemory: Virtual Memory: 381.10 MB used, 134217728.00 MB total
[2016.11.08-01.30.07:161][  0]LogTextLocalizationManager: No specific translations for ('en-GB') exist, so ('en') translations will be used.
[2016.11.08-01.30.08:408][  0]LogD3D11RHI: Found D3D11 adapter 0: Intel(R) HD Graphics 5500 (Feature Level 11_0)
[2016.11.08-01.30.08:408][  0]LogD3D11RHI: Adapter has 128MB of dedicated video memory, 0MB of dedicated system memory, and 8148MB of shared system memory, 1 output[s]
[2016.11.08-01.30.09:239][  0]LogD3D11RHI: Found D3D11 adapter 1: AMD Radeon(TM) R9 M375 (Feature Level 11_0)
[2016.11.08-01.30.09:239][  0]LogD3D11RHI: Adapter has 4074MB of dedicated video memory, 0MB of dedicated system memory, and 8148MB of shared system memory, 0 output[s]
[2016.11.08-01.30.09:281][  0]LogD3D11RHI: Found D3D11 adapter 2: Microsoft Basic Render Driver (Feature Level 11_0)
[2016.11.08-01.30.09:281][  0]LogD3D11RHI: Adapter has 0MB of dedicated video memory, 0MB of dedicated system memory, and 8148MB of shared system memory, 0 output[s]
[2016.11.08-01.30.09:282][  0]LogD3D11RHI: Chosen D3D11 Adapter Id = 0
[2016.11.08-01.30.09:287][  0]LogD3D11RHI: !Direct3DDevice
[2016.11.08-01.30.09:287][  0]LogRHI: Texture pool is 1361 MB (70% of 1945 MB)
[2016.11.08-01.30.09:293][  0]LogD3D11RHI: Async texture creation enabled
[2016.11.08-01.30.09:667][  0]LogShaderCompilers: Guid format shader working directory is -31 characters bigger than the processId version (../../../../../../Users/David/Desktop/ConstructionMadness/ConstructionMadness/Intermediate/Shaders/WorkingDirectory/8996/).
[2016.11.08-01.30.09:667][  0]LogShaderCompilers: Cleaned the shader compiler working directory 'C:/Users/David/AppData/Local/Temp/UnrealShaderWorkingDir/AF0E77284087FA531EEF58938BB28E73/'.
[2016.11.08-01.30.09:693][  0]LogShaderCompilers:Display: Using Local Shader Compiler.
[2016.11.08-01.30.14:509][  0]LogTemp:Display: Loaded TP AllDesktopTargetPlatform
[2016.11.08-01.30.14:515][  0]LogTemp:Display: Loaded TP WindowsClientTargetPlatform
[2016.11.08-01.30.14:520][  0]LogTemp:Display: Loaded TP WindowsNoEditorTargetPlatform
[2016.11.08-01.30.14:525][  0]LogTemp:Display: Loaded TP WindowsServerTargetPlatform
[2016.11.08-01.30.14:531][  0]LogTemp:Display: Loaded TP WindowsTargetPlatform
[2016.11.08-01.30.14:543][  0]LogTemp:Display: Loaded TP AndroidTargetPlatform
[2016.11.08-01.30.14:553][  0]LogTemp:Display: Loaded TP Android_ASTCTargetPlatform
[2016.11.08-01.30.14:563][  0]LogTemp:Display: Loaded TP Android_ATCTargetPlatform
[2016.11.08-01.30.14:583][  0]LogTemp:Display: Loaded TP Android_DXTTargetPlatform
[2016.11.08-01.30.14:592][  0]LogTemp:Display: Loaded TP Android_ETC1TargetPlatform
[2016.11.08-01.30.14:602][  0]LogTemp:Display: Loaded TP Android_ETC2TargetPlatform
[2016.11.08-01.30.14:621][  0]LogTemp:Display: Loaded TP Android_MultiTargetPlatform
[2016.11.08-01.30.14:621][  0]LogTemp:Display: Loaded TP Android_PVRTCTargetPlatform
[2016.11.08-01.30.14:623][  0]LogTemp:Display: Loaded TP HTML5TargetPlatform
[2016.11.08-01.30.14:715][  0]LogTemp:Display: Loaded TP IOSTargetPlatform
[2016.11.08-01.30.14:722][  0]LogTemp:Display: Loaded TP LinuxNoEditorTargetPlatform
[2016.11.08-01.30.14:731][  0]LogTemp:Display: Loaded TP LinuxServerTargetPlatform
[2016.11.08-01.30.14:746][  0]LogTemp:Display: Loaded TP LinuxTargetPlatform
[2016.11.08-01.30.14:746][  0]LogTargetPlatformManager:Display: Building Assets For Windows
[2016.11.08-01.30.15:419][  0]LogDerivedDataCache:Display: Max Cache Size: 512 MB
[2016.11.08-01.30.16:143][  0]LogDerivedDataCache: Loaded boot cache 0.72s 41MB C:/Users/David/AppData/Local/UnrealEngine/4.10/DerivedDataCache/Boot.ddc.
[2016.11.08-01.30.16:143][  0]LogDerivedDataCache:Display: Loaded Boot cache: C:/Users/David/AppData/Local/UnrealEngine/4.10/DerivedDataCache/Boot.ddc
[2016.11.08-01.30.16:144][  0]LogDerivedDataCache: FDerivedDataBackendGraph:  Pak pak cache file ../../../../../../Users/David/Desktop/ConstructionMadness/ConstructionMadness/DerivedDataCache/DDC.ddp not found, will not use a pak cache.
[2016.11.08-01.30.16:144][  0]LogDerivedDataCache: Unable to find inner node Pak for hierarchical cache Hierarchy.
[2016.11.08-01.30.16:144][  0]LogDerivedDataCache: FDerivedDataBackendGraph:  CompressedPak pak cache file ../../../../../../Users/David/Desktop/ConstructionMadness/ConstructionMadness/DerivedDataCache/Compressed.ddp not found, will not use a pak cache.
[2016.11.08-01.30.16:144][  0]LogDerivedDataCache: Unable to find inner node CompressedPak for hierarchical cache Hierarchy.
[2016.11.08-01.30.16:412][  0]LogDerivedDataCache:Display: Pak cache opened for reading ../../../Engine/DerivedDataCache/Compressed.ddp.
[2016.11.08-01.30.16:427][  0]LogDerivedDataCache: Using Local data cache path C:/Users/David/AppData/Local/UnrealEngine/Common/DerivedDataCache: Writable
[2016.11.08-01.30.23:336][  0]LogInit: Selected Device Profile: [Windows]
[2016.11.08-01.30.23:357][  0]LogContentStreaming: Texture pool size is 0.000000MB
[2016.11.08-01.30.24:050][  0]LogMeshUtilities: No automatic mesh reduction module available
[2016.11.08-01.30.24:050][  0]LogMeshUtilities: No automatic mesh merging module available
[2016.11.08-01.30.26:085][  0]LogInit: WinSock: version 1.1 (2.2), MaxSocks=32767, MaxUdp=65467
[2016.11.08-01.30.30:899][  0]UdpMessaging: Initializing bridge on interface 0.0.0.0:0 to multicast group 230.0.0.1:6666.
[2016.11.08-01.30.31:230][  0]LogAssetRegistry: FAssetRegistry took 0.0147 seconds to start up
[2016.11.08-01.30.32:084][  0]SourceControl: Info Source control is disabled
[2016.11.08-01.30.32:086][  0]SourceControl: Info Source control is disabled
[2016.11.08-01.30.32:141][  0]SourceControl: Info Source control is disabled
[2016.11.08-01.30.32:189][  0]SourceControl: Info Source control is disabled
[2016.11.08-01.30.33:240][  0]LogObj: 28633 objects as part of root set at end of initial load.
[2016.11.08-01.30.33:240][  0]LogUObjectAllocator: 6099744 out of 0 bytes used by permanent object pool.
[2016.11.08-01.30.33:615][  0]LogEngine: Initializing Engine...
[2016.11.08-01.30.33:626][  0]LogHMD: Can't find Oculus library dev build: is proper Runtime installed? Version: 0.8.0.0
[2016.11.08-01.30.33:693][  0]LogHMD: SteamVR failed to initialize.  Err: 110
[2016.11.08-01.30.34:516][  0]LogAIModule: Creating AISystem for world NewWorld
[2016.11.08-01.30.34:621][  0]LogInit: XAudio2 using 'Speakers (Realtek High Definition Audio)' : 2 channels at 48 kHz using 32 bits per sample (channel mask 0x3)
[2016.11.08-01.30.34:879][  0]LogInit: FAudioDevice initialized.
[2016.11.08-01.30.34:914][  0]LogDerivedDataCache: Saved boot cache 0.04s 41MB C:/Users/David/AppData/Local/UnrealEngine/4.10/DerivedDataCache/Boot.ddc.
[2016.11.08-01.30.34:925][  0]LogInit: Texture streaming: Enabled
[2016.11.08-01.30.34:976][  0]LogAnalytics: Creating configured Analytics provider AnalyticsET
[2016.11.08-01.30.34:977][  0]LogAnalytics: [UEEditor.Rocket.Release] APIServer = http://et2.epicgames.com/ET2/. AppVersion = 4.10.2-2818068+++depot+UE4-Releases+4.10
[2016.11.08-01.30.34:978][  0]LogAnalytics: [UEEditor.Rocket.Release] SetUserId 51bad3324626f8b32aeb23b5d6210868|c381b92b33784ccaa7b778c4b0f76233|7a75b928-ee2d-4f84-b046-c4f65b0113e6
[2016.11.08-01.30.34:978][  0]LogAnalytics: [UEEditor.Rocket.Release] AnalyticsET::StartSession
[2016.11.08-01.30.35:001][  0]LogWindowsTextInputMethodSystem:Display: IME system now deactivated.
[2016.11.08-01.30.35:037][  0]LogInit: Transaction tracking system initialized
[2016.11.08-01.30.36:070][  0]BlueprintLog: New page: Editor Load
[2016.11.08-01.30.37:551][  0]LocalizationService: Info Localization service is disabled
[2016.11.08-01.30.38:061][  0]LogConsoleResponse:Display: 
[2016.11.08-01.30.38:945][  0]LogFileCache: Scanning file cache for directory 'C:/Users/David/Desktop/ConstructionMadness/ConstructionMadness/Content/' took 0.01s
[2016.11.08-01.30.38:945][  0]LogCook:Display: Done creating registry. It took  0.00s.
[2016.11.08-01.30.39:470][  0]SourceControl: Info Source control is disabled
[2016.11.08-01.30.39:526][  0]Cmd: MAP LOAD FILE="../../../../../../Users/David/Desktop/ConstructionMadness/ConstructionMadness/Content/David-Level.umap" TEMPLATE=0 SHOWPROGRESS=1 FEATURELEVEL=3
[2016.11.08-01.30.39:532][  0]LightingResults: New page: Lighting Build
[2016.11.08-01.30.39:628][  0]MapCheck: New page: Map Check
[2016.11.08-01.30.39:628][  0]LightingResults: New page: Lighting Build
[2016.11.08-01.30.39:782][  0]LogParticles: Destroying 0 GPU particle simulations for FXSystem 0x0000021A99DAA160
[2016.11.08-01.30.40:984][  0]LogAIModule: Creating AISystem for world David-Level
[2016.11.08-01.30.41:178][  0]LogEditorServer: Finished looking for orphan Actors (0.000 secs)
[2016.11.08-01.30.41:253][  0]Cmd: MAP CHECKDEP NOCLEARLOG
[2016.11.08-01.30.41:322][  0]MapCheck: Info Map check complete: 0 Error(s), 0 Warning(s), took 68.858ms to complete.
[2016.11.08-01.30.41:322][  0]LogFileHelpers: Loading map 'David-Level' took 1.809
[2016.11.08-01.30.42:808][  0]LogCollectionManager: Loaded 0 collections in 0.003653 seconds
[2016.11.08-01.30.42:956][  0]LogFileCache: Scanning file cache for directory 'C:/Users/David/Desktop/ConstructionMadness/ConstructionMadness/Saved/Collections/' took 0.01s
[2016.11.08-01.30.42:956][  0]LogFileCache: Scanning file cache for directory 'C:/Users/David/Desktop/ConstructionMadness/ConstructionMadness/Content/Developers/David/Collections/' took 0.01s
[2016.11.08-01.30.42:956][  0]LogFileCache: Scanning file cache for directory 'C:/Users/David/Desktop/ConstructionMadness/ConstructionMadness/Content/Collections/' took 0.01s
[2016.11.08-01.30.42:956][  0]LogCollectionManager: Rebuilt the GUID cache for 0 collections in 0.000011 seconds
[2016.11.08-01.30.42:970][  0]LogContentBrowser: Native class hierarchy populated in 0.0120 seconds. Added 1893 classes and 338 folders.
[2016.11.08-01.30.43:024][  0]LogContentBrowser: Native class hierarchy updated for 'WidgetCarousel' in 0.0005 seconds. Added 0 classes and 0 folders.
[2016.11.08-01.30.44:349][  0]LogContentBrowser: Native class hierarchy updated for 'AddContentDialog' in 0.0004 seconds. Added 0 classes and 0 folders.
[2016.11.08-01.30.44:368][  0]LogContentBrowser: Native class hierarchy updated for 'SceneOutliner' in 0.0005 seconds. Added 1 classes and 2 folders.
[2016.11.08-01.30.44:898][  0]LogCrashTracker: Crashtracker disabled due to settings.
[2016.11.08-01.30.44:967][  0]LogUObjectGlobals:Warning: Failed to find object 'Class None.'
[2016.11.08-01.30.44:998][  0]LogLoad: Full Startup: 42.87 seconds (BP compile: 0.32 seconds)
[2016.11.08-01.30.45:054][  0]LogOcInput: Can't find Oculus library dev build: is proper Runtime installed? Version: 0.8.0.0
[2016.11.08-01.30.45:371][  0]LogContentStreaming: Texture pool size now 400 MB
[2016.11.08-01.30.45:933][  0]LogRenderer: Reallocating scene render targets to support 1120x572 (Frame:2).
[2016.11.08-01.31.02:246][ 80]LogAssetRegistry: Asset discovery search completed in 31.0287 seconds
[2016.11.08-01.31.02:247][ 80]LogCollectionManager: Rebuilt the object cache for 0 collections in 0.000001 seconds (found 0 objects)
[2016.11.08-01.31.02:247][ 80]LogCollectionManager: Fixed up redirectors for 0 collections in 0.000504 seconds (updated 0 objects)
[2016.11.08-01.31.04:081][ 84]Cmd: MAP LOAD FILE="../../../../../../Users/David/Desktop/ConstructionMadness/ConstructionMadness/Content/David-Level.umap" TEMPLATE=0 SHOWPROGRESS=1 FEATURELEVEL=3
[2016.11.08-01.31.04:083][ 84]LightingResults: New page: Lighting Build
[2016.11.08-01.31.04:116][ 84]LoadErrors: New page: Loading map: David-Level.umap
[2016.11.08-01.31.04:122][ 84]MapCheck: New page: Map Check
[2016.11.08-01.31.04:123][ 84]LightingResults: New page: Lighting Build
[2016.11.08-01.31.04:159][ 84]LogParticles: Destroying 0 GPU particle simulations for FXSystem 0x0000021A88F10540
[2016.11.08-01.31.04:173][ 84]LogAIModule: Creating AISystem for world David-Level
[2016.11.08-01.31.04:195][ 84]LogEditorServer: Finished looking for orphan Actors (0.000 secs)
[2016.11.08-01.31.04:231][ 84]Cmd: MAP CHECKDEP NOCLEARLOG
[2016.11.08-01.31.04:284][ 84]MapCheck: Info Map check complete: 0 Error(s), 0 Warning(s), took 53.087ms to complete.
[2016.11.08-01.31.04:289][ 84]LogFileHelpers: Loading map 'David-Level' took 0.215
[2016.11.08-01.31.05:762][126]LogBlueprintUserMessages: Early PlayInEditor Detection: Level '/Game/David-Level.David-Level:PersistentLevel' has LevelScriptBlueprint '/Game/David-Level.David-Level:PersistentLevel.David-Level' with GeneratedClass '/Game/David-Level.David-Level_C' with ClassGeneratedBy '/Game/David-Level.David-Level:PersistentLevel.David-Level'
[2016.11.08-01.31.05:763][126]LogPlayLevel: PlayLevel: No blueprints needed recompiling
[2016.11.08-01.31.05:807][126]PIE: New page: PIE session: David-Level (8 Nov 2016 01:31:05)
[2016.11.08-01.31.05:808][126]LogPlayLevel: Creating play world package: /Game/UEDPIE_0_David-Level
[2016.11.08-01.31.05:818][126]LogPlayLevel: PIE: StaticDuplicateObject took: (0.010376s)
[2016.11.08-01.31.05:820][126]LogAIModule: Creating AISystem for world David-Level
[2016.11.08-01.31.05:820][126]LogPlayLevel: PIE: World Init took: (0.002196s)
[2016.11.08-01.31.05:821][126]LogPlayLevel: PIE: Created PIE world by copying editor world from /Game/David-Level.David-Level to /Game/UEDPIE_0_David-Level.David-Level (0.013175s)
[2016.11.08-01.31.05:898][126]LogInit: XAudio2 using 'Speakers (Realtek High Definition Audio)' : 2 channels at 48 kHz using 32 bits per sample (channel mask 0x3)
[2016.11.08-01.31.05:917][126]LogInit: FAudioDevice initialized.
[2016.11.08-01.31.06:078][126]LogWorld: Game class is 'BuildGameMode_C'
[2016.11.08-01.31.06:096][126]LogWorld: Bringing World /Game/UEDPIE_0_David-Level.David-Level up for play (max tick rate 60) at 2016.11.08-01.31.06
[2016.11.08-01.31.06:096][126]LogActor:Warning: GameSession /Game/UEDPIE_0_David-Level.David-Level:PersistentLevel.GameSession_0 has natively added scene component(s), but none of them were set as the actor's RootComponent - picking one arbitrarily
[2016.11.08-01.31.06:097][126]LogActor:Warning: GameNetworkManager /Game/UEDPIE_0_David-Level.David-Level:PersistentLevel.GameNetworkManager_0 has natively added scene component(s), but none of them were set as the actor's RootComponent - picking one arbitrarily
[2016.11.08-01.31.06:097][126]LogWorld: Bringing up level for play took: 0.004005
[2016.11.08-01.31.06:115][126]PIE: Info Play in editor start time for /Game/UEDPIE_0_David-Level -0.089
[2016.11.08-01.31.06:116][126]LogBlueprintUserMessages: Late PlayInEditor Detection: Level '/Game/David-Level.David-Level:PersistentLevel' has LevelScriptBlueprint '/Game/David-Level.David-Level:PersistentLevel.David-Level' with GeneratedClass '/Game/David-Level.David-Level_C' with ClassGeneratedBy '/Game/David-Level.David-Level:PersistentLevel.David-Level'
[2016.11.08-01.31.06:201][126]LogScript:Warning: Attempted to get an item from array ActiveWords out of bounds [4/0]!
[2016.11.08-01.31.06:219][126]LogScript:Warning: Attempted to get an item from array ActiveWords out of bounds [3/0]!
[2016.11.08-01.31.06:219][126]LogScript:Warning: Attempted to get an item from array ActiveWords out of bounds [2/0]!
[2016.11.08-01.31.06:219][126]LogScript:Warning: Attempted to get an item from array ActiveWords out of bounds [1/0]!
[2016.11.08-01.31.06:272][127]LogScript:Warning: Attempted to get an item from array ActiveWords out of bounds [4/1]!
[2016.11.08-01.31.06:272][127]LogScript:Warning: Attempted to get an item from array ActiveWords out of bounds [3/1]!
[2016.11.08-01.31.06:272][127]LogScript:Warning: Attempted to get an item from array ActiveWords out of bounds [2/1]!
[2016.11.08-01.31.06:296][128]LogScript:Warning: Attempted to get an item from array ActiveWords out of bounds [4/2]!
[2016.11.08-01.31.06:296][128]LogScript:Warning: Attempted to get an item from array ActiveWords out of bounds [3/2]!
[2016.11.08-01.31.06:311][129]LogScript:Warning: Attempted to get an item from array ActiveWords out of bounds [4/3]!
[2016.11.08-01.31.06:325][130]LogScript:Warning: Attempted to get an item from array ActiveWords out of bounds [4/3]!
[2016.11.08-01.31.07:630][189]LogScript:Warning: Attempted to get an item from array CallFunc_GetCharacterArrayFromString_ReturnValue out of bounds [6/5]!
[2016.11.08-01.31.08:500][226]LogScript:Warning: Attempted to get an item from array CallFunc_GetCharacterArrayFromString_ReturnValue out of bounds [4/3]!
[2016.11.08-01.31.09:581][276]LogScript:Warning: Attempted to get an item from array CallFunc_GetCharacterArrayFromString_ReturnValue out of bounds [9/8]!
[2016.11.08-01.31.10:891][329]LogScript:Warning: Attempted to get an item from array CallFunc_GetCharacterArrayFromString_ReturnValue out of bounds [9/8]!
[2016.11.08-01.31.27:178][ 56]LogScript:Warning: Attempted to get an item from array CallFunc_GetCharacterArrayFromString_ReturnValue out of bounds [5/4]!
[2016.11.08-01.31.27:969][ 86]LogScript:Warning: Attempted to get an item from array CallFunc_GetCharacterArrayFromString_ReturnValue out of bounds [5/4]!
[2016.11.08-01.31.28:898][123]LogScript:Warning: Attempted to get an item from array CallFunc_GetCharacterArrayFromString_ReturnValue out of bounds [8/7]!
[2016.11.08-01.31.29:618][156]LogScript:Warning: Attempted to get an item from array CallFunc_GetCharacterArrayFromString_ReturnValue out of bounds [6/5]!
[2016.11.08-01.31.30:288][190]LogScript:Warning: Attempted to get an item from array CallFunc_GetCharacterArrayFromString_ReturnValue out of bounds [6/5]!
[2016.11.08-01.31.30:949][222]LogScript:Warning: Attempted to get an item from array CallFunc_GetCharacterArrayFromString_ReturnValue out of bounds [6/5]!
[2016.11.08-01.31.32:086][270]LogScript:Warning: Attempted to get an item from array CallFunc_GetCharacterArrayFromString_ReturnValue out of bounds [9/8]!
[2016.11.08-01.31.32:629][294]LogBlueprintUserMessages: Early EndPlayMap Detection: Level '/Game/David-Level.David-Level:PersistentLevel' has LevelScriptBlueprint '/Game/David-Level.David-Level:PersistentLevel.David-Level' with GeneratedClass '/Game/David-Level.David-Level_C' with ClassGeneratedBy '/Game/David-Level.David-Level:PersistentLevel.David-Level'
[2016.11.08-01.31.32:672][294]LogBlueprintUserMessages: Late EndPlayMap Detection: Level '/Game/David-Level.David-Level:PersistentLevel' has LevelScriptBlueprint '/Game/David-Level.David-Level:PersistentLevel.David-Level' with GeneratedClass '/Game/David-Level.David-Level_C' with ClassGeneratedBy '/Game/David-Level.David-Level:PersistentLevel.David-Level'
[2016.11.08-01.31.32:703][294]LogParticles: Destroying 0 GPU particle simulations for FXSystem 0x0000021A99162160
[2016.11.08-01.31.35:354][369]LogWindowsTextInputMethodSystem:Display: IME system now deactivated.
[2016.11.08-01.31.35:957][370]Cmd: QUIT_EDITOR
[2016.11.08-01.31.36:835][370]LogExit: Preparing to exit.
[2016.11.08-01.31.38:424][370]LogExit: Editor shut down
[2016.11.08-01.31.38:425][370]LogExit: Transaction tracking system shut down
[2016.11.08-01.31.38:434][370]LogParticles: Destroying 0 GPU particle simulations for FXSystem 0x0000021AA0873240
[2016.11.08-01.31.38:437][370]LogParticles: Destroying 0 GPU particle simulations for FXSystem 0x0000021AA0709300
[2016.11.08-01.31.38:437][370]LogParticles: Destroying 0 GPU particle simulations for FXSystem 0x0000021AA0872020
[2016.11.08-01.31.38:762][370]LogExit: Object subsystem successfully closed.
[2016.11.08-01.31.38:787][370]LogD3D11RHI: Shutdown
[2016.11.08-01.31.38:787][370]LogD3D11RHI: CleanupD3DDevice
[2016.11.08-01.31.38:860][370]LogD3D11RHI: ~FD3D11DynamicRHI
[2016.11.08-01.31.38:895][370]LogModuleManager: Shutting down and abandoning module CrashTracker (198)
[2016.11.08-01.31.38:895][370]LogModuleManager: Shutting down and abandoning module SceneOutliner (197)
[2016.11.08-01.31.38:895][370]LogModuleManager: Shutting down and abandoning module SuperSearch (196)
[2016.11.08-01.31.38:895][370]LogModuleManager: Shutting down and abandoning module WidgetCarousel (195)
[2016.11.08-01.31.38:895][370]LogModuleManager: Shutting down and abandoning module AddContentDialog (194)
[2016.11.08-01.31.38:897][370]LogModuleManager: Shutting down and abandoning module EditorWidgets (193)
[2016.11.08-01.31.38:897][370]LogModuleManager: Shutting down and abandoning module CollectionManager (192)
[2016.11.08-01.31.38:897][370]LogModuleManager: Shutting down and abandoning module StatsViewer (191)
[2016.11.08-01.31.38:897][370]LogModuleManager: Shutting down and abandoning module FoliageEdit (190)
[2016.11.08-01.31.38:897][370]LogModuleManager: Shutting down and abandoning module LandscapeEditor (189)
[2016.11.08-01.31.38:917][370]LogModuleManager: Shutting down and abandoning module ActorPickerMode (188)
[2016.11.08-01.31.38:917][370]LogModuleManager: Shutting down and abandoning module GeometryMode (187)
[2016.11.08-01.31.38:917][370]LogModuleManager: Shutting down and abandoning module TextureAlignMode (186)
[2016.11.08-01.31.38:917][370]LogModuleManager: Shutting down and abandoning module BspMode (185)
[2016.11.08-01.31.38:917][370]LogModuleManager: Shutting down and abandoning module PlacementMode (184)
[2016.11.08-01.31.38:917][370]LogModuleManager: Shutting down and abandoning module AutomationWorker (183)
[2016.11.08-01.31.38:917][370]LogModuleManager: Shutting down and abandoning module CharacterAI (182)
[2016.11.08-01.31.38:917][370]LogModuleManager: Shutting down and abandoning module SmartSnapping (181)
[2016.11.08-01.31.38:917][370]LogModuleManager: Shutting down and abandoning module ViewportSnapping (180)
[2016.11.08-01.31.38:917][370]LogModuleManager: Shutting down and abandoning module LogVisualizer (179)
[2016.11.08-01.31.38:917][370]LogModuleManager: Shutting down and abandoning module GameProjectGeneration (178)
[2016.11.08-01.31.38:917][370]LogModuleManager: Shutting down and abandoning module IntroTutorials (177)
[2016.11.08-01.31.38:918][370]LogModuleManager: Shutting down and abandoning module EditorLiveStreaming (176)
[2016.11.08-01.31.38:918][370]LogModuleManager: Shutting down and abandoning module IOSPlatformEditor (175)
[2016.11.08-01.31.38:918][370]LogModuleManager: Shutting down and abandoning module HTML5PlatformEditor (174)
[2016.11.08-01.31.38:918][370]LogModuleManager: Shutting down and abandoning module AndroidDeviceDetection (173)
[2016.11.08-01.31.39:720][370]LogModuleManager: Shutting down and abandoning module AndroidPlatformEditor (172)
[2016.11.08-01.31.39:720][370]LogModuleManager: Shutting down and abandoning module IOSRuntimeSettings (171)
[2016.11.08-01.31.39:720][370]LogModuleManager: Shutting down and abandoning module AndroidRuntimeSettings (170)
[2016.11.08-01.31.39:720][370]LogModuleManager: Shutting down and abandoning module MergeActors (169)
[2016.11.08-01.31.39:720][370]LogModuleManager: Shutting down and abandoning module SizeMap (168)
[2016.11.08-01.31.39:720][370]LogModuleManager: Shutting down and abandoning module TreeMap (167)
[2016.11.08-01.31.39:720][370]LogModuleManager: Shutting down and abandoning module ReferenceViewer (166)
[2016.11.08-01.31.39:720][370]LogModuleManager: Shutting down and abandoning module LocalizationService (165)
[2016.11.08-01.31.39:720][370]LogModuleManager: Shutting down and abandoning module LocalizationDashboard (164)
[2016.11.08-01.31.39:837][370]LogModuleManager: Shutting down and abandoning module HardwareTargeting (163)
[2016.11.08-01.31.39:837][370]LogModuleManager: Shutting down and abandoning module DeviceProfileEditor (162)
[2016.11.08-01.31.39:837][370]LogModuleManager: Shutting down and abandoning module UndoHistory (161)
[2016.11.08-01.31.39:837][370]LogModuleManager: Shutting down and abandoning module GameplayTagsEditor (160)
[2016.11.08-01.31.39:837][370]LogModuleManager: Shutting down and abandoning module UserFeedback (159)
[2016.11.08-01.31.39:837][370]LogModuleManager: Shutting down and abandoning module XmlParser (158)
[2016.11.08-01.31.39:837][370]LogModuleManager: Shutting down and abandoning module Blutility (157)
[2016.11.08-01.31.39:837][370]LogModuleManager: Shutting down and abandoning module ProjectTargetPlatformEditor (156)
[2016.11.08-01.31.39:838][370]LogModuleManager: Shutting down and abandoning module ProjectSettingsViewer (155)
[2016.11.08-01.31.39:838][370]LogModuleManager: Shutting down and abandoning module InputBindingEditor (154)
[2016.11.08-01.31.39:838][370]LogModuleManager: Shutting down and abandoning module EditorSettingsViewer (153)
[2016.11.08-01.31.39:838][370]LogModuleManager: Shutting down and abandoning module SettingsEditor (152)
[2016.11.08-01.31.39:838][370]LogModuleManager: Shutting down and abandoning module ProjectLauncher (151)
[2016.11.08-01.31.39:965][370]LogModuleManager: Shutting down and abandoning module SessionFrontend (150)
[2016.11.08-01.31.39:965][370]LogModuleManager: Shutting down and abandoning module ProfilerClient (149)
[2016.11.08-01.31.40:001][370]LogModuleManager: Shutting down and abandoning module TargetDeviceServices (148)
[2016.11.08-01.31.40:001][370]LogModuleManager: Shutting down and abandoning module DeviceManager (147)
[2016.11.08-01.31.40:002][370]LogModuleManager: Shutting down and abandoning module AutomationController (146)
[2016.11.08-01.31.40:002][370]LogModuleManager: Shutting down and abandoning module AutomationWindow (145)
[2016.11.08-01.31.40:043][370]LogModuleManager: Shutting down and abandoning module Layers (144)
[2016.11.08-01.31.40:046][370]LogModuleManager: Shutting down and abandoning module ComponentVisualizers (143)
[2016.11.08-01.31.40:046][370]LogModuleManager: Shutting down and abandoning module DetailCustomizations (142)
[2016.11.08-01.31.40:049][370]LogModuleManager: Shutting down and abandoning module PackagesDialog (141)
[2016.11.08-01.31.40:049][370]LogModuleManager: Shutting down and abandoning module Persona (140)
[2016.11.08-01.31.40:049][370]LogModuleManager: Shutting down and abandoning module Kismet (139)
[2016.11.08-01.31.40:049][370]LogModuleManager: Shutting down and abandoning module GraphEditor (138)
[2016.11.08-01.31.40:154][370]LogModuleManager: Shutting down and abandoning module ClassViewer (137)
[2016.11.08-01.31.40:154][370]LogModuleManager: Shutting down and abandoning module Toolbox (136)
[2016.11.08-01.31.40:154][370]LogModuleManager: Shutting down and abandoning module ModuleUI (135)
[2016.11.08-01.31.40:156][370]LogModuleManager: Shutting down and abandoning module MovieSceneTools (134)
[2016.11.08-01.31.40:157][370]LogModuleManager: Shutting down and abandoning module OutputLog (133)
[2016.11.08-01.31.40:157][370]LogModuleManager: Shutting down and abandoning module GammaUI (132)
[2016.11.08-01.31.40:204][370]LogModuleManager: Shutting down and abandoning module Documentation (131)
[2016.11.08-01.31.40:204][370]LogModuleManager: Shutting down and abandoning module GameLiveStreaming (130)
[2016.11.08-01.31.40:204][370]LogModuleManager: Shutting down and abandoning module StreamingPauseRendering (129)
[2016.11.08-01.31.40:204][370]LogModuleManager: Shutting down and abandoning module AnalyticsET (128)
[2016.11.08-01.31.40:204][370]LogModuleManager: Shutting down and abandoning module Analytics (127)
[2016.11.08-01.31.40:204][370]LogModuleManager: Shutting down and abandoning module AITestSuite (126)
[2016.11.08-01.31.40:204][370]LogModuleManager: Shutting down and abandoning module GameplayDebugger (125)
[2016.11.08-01.31.40:204][370]LogModuleManager: Shutting down and abandoning module AIModule (124)
[2016.11.08-01.31.40:204][370]LogModuleManager: Shutting down and abandoning module ProfilerService (123)
[2016.11.08-01.31.40:349][370]LogModuleManager: Shutting down and abandoning module TaskGraph (122)
[2016.11.08-01.31.40:399][370]LogModuleManager: Shutting down and abandoning module SlateRemote (121)
[2016.11.08-01.31.40:399][370]LogModuleManager: Shutting down and abandoning module SteamVRController (120)
[2016.11.08-01.31.40:399][370]LogModuleManager: Shutting down and abandoning module SteamVR (119)
[2016.11.08-01.31.40:399][370]LogModuleManager: Shutting down and abandoning module ProceduralMeshComponent (118)
[2016.11.08-01.31.40:399][370]LogModuleManager: Shutting down and abandoning module OculusLibrary (117)
[2016.11.08-01.31.40:399][370]LogModuleManager: Shutting down and abandoning module OculusInput (116)
[2016.11.08-01.31.40:399][370]LogModuleManager: Shutting down and abandoning module LeapMotionController (115)
[2016.11.08-01.31.40:418][370]LogModuleManager: Shutting down and abandoning module CustomMeshComponent (114)
[2016.11.08-01.31.40:418][370]LogModuleManager: Shutting down and abandoning module CableComponent (113)
[2016.11.08-01.31.40:418][370]LogModuleManager: Shutting down and abandoning module ArchVisCharacter (112)
[2016.11.08-01.31.40:418][370]LogModuleManager: Shutting down and abandoning module MessagingDebugger (111)
[2016.11.08-01.31.40:486][370]LogModuleManager: Shutting down and abandoning module MediaPlayerEditor (110)
[2016.11.08-01.31.40:487][370]LogModuleManager: Shutting down and abandoning module HTML5Networking (109)
[2016.11.08-01.31.40:487][370]LogModuleManager: Shutting down and abandoning module SpeedTreeImporter (108)
[2016.11.08-01.31.40:487][370]LogModuleManager: Shutting down and abandoning module PluginBrowser (107)
[2016.11.08-01.31.40:487][370]LogModuleManager: Shutting down and abandoning module EpicSurvey (106)
[2016.11.08-01.31.40:487][370]LogModuleManager: Shutting down and abandoning module DesktopPlatform (105)
[2016.11.08-01.31.40:487][370]LogModuleManager: Shutting down and abandoning module VisualStudioSourceCodeAccess (104)
[2016.11.08-01.31.40:487][370]LogModuleManager: Shutting down and abandoning module UObjectPlugin (103)
[2016.11.08-01.31.40:487][370]LogModuleManager: Shutting down and abandoning module SubversionSourceControl (102)
[2016.11.08-01.31.40:487][370]LogModuleManager: Shutting down and abandoning module PerforceSourceControl (101)
[2016.11.08-01.31.40:487][370]LogModuleManager: Shutting down and abandoning module SourceControl (100)
[2016.11.08-01.31.40:488][370]LogModuleManager: Shutting down and abandoning module GitSourceControl (99)
[2016.11.08-01.31.40:488][370]LogModuleManager: Shutting down and abandoning module LightPropagationVolumeEditor (98)
[2016.11.08-01.31.40:488][370]LogModuleManager: Shutting down and abandoning module PaperTiledImporter (97)
[2016.11.08-01.31.40:488][370]LogModuleManager: Shutting down and abandoning module PaperSpriteSheetImporter (96)
[2016.11.08-01.31.40:488][370]LogModuleManager: Shutting down and abandoning module MeshPaint (95)
[2016.11.08-01.31.40:488][370]LogModuleManager: Shutting down and abandoning module SlateReflector (94)
[2016.11.08-01.31.40:489][370]LogModuleManager: Shutting down and abandoning module HotReload (93)
[2016.11.08-01.31.40:489][370]LogModuleManager: Shutting down and abandoning module MainFrame (92)
[2016.11.08-01.31.40:489][370]LogModuleManager: Shutting down and abandoning module LevelEditor (91)
[2016.11.08-01.31.40:490][370]LogModuleManager: Shutting down and abandoning module DirectoryWatcher (90)
[2016.11.08-01.31.40:493][370]LogModuleManager: Shutting down and abandoning module AssetRegistry (89)
[2016.11.08-01.31.40:587][370]LogModuleManager: Shutting down and abandoning module ContentBrowser (88)
[2016.11.08-01.31.40:588][370]LogModuleManager: Shutting down and abandoning module Paper2DEditor (87)
[2016.11.08-01.31.40:588][370]LogModuleManager: Shutting down and abandoning module UdpMessaging (86)
[2016.11.08-01.31.40:689][370]LogModuleManager: Shutting down and abandoning module LightPropagationVolumeRuntime (85)
[2016.11.08-01.31.40:689][370]LogModuleManager: Shutting down and abandoning module Paper2D (84)
[2016.11.08-01.31.40:689][370]LogModuleManager: Shutting down and abandoning module WindowsMoviePlayer (83)
[2016.11.08-01.31.40:691][370]LogModuleManager: Shutting down and abandoning module Media (82)
[2016.11.08-01.31.40:691][370]LogModuleManager: Shutting down and abandoning module WmfMedia (81)
[2016.11.08-01.31.40:691][370]LogModuleManager: Shutting down and abandoning module OnlineBlueprintSupport (80)
[2016.11.08-01.31.40:691][370]LogModuleManager: Shutting down and abandoning module GameplayTasksEditor (79)
[2016.11.08-01.31.40:691][370]LogModuleManager: Shutting down and abandoning module PropertyEditor (78)
[2016.11.08-01.31.40:725][370]LogModuleManager: Shutting down and abandoning module BehaviorTreeEditor (77)
[2016.11.08-01.31.40:845][370]LogModuleManager: Shutting down and abandoning module FunctionalTesting (76)
[2016.11.08-01.31.40:845][370]LogModuleManager: Shutting down and abandoning module CollisionAnalyzer (75)
[2016.11.08-01.31.40:845][370]LogModuleManager: Shutting down and abandoning module WorkspaceMenuStructure (74)
[2016.11.08-01.31.40:845][370]LogModuleManager: Shutting down and abandoning module MessageLog (73)
[2016.11.08-01.31.40:845][370]LogModuleManager: Shutting down and abandoning module Sequencer (72)
[2016.11.08-01.31.40:846][370]LogModuleManager: Shutting down and abandoning module AssetTools (71)
[2016.11.08-01.31.40:849][370]LogModuleManager: Shutting down and abandoning module UMGEditor (70)
[2016.11.08-01.31.40:850][370]LogModuleManager: Shutting down and abandoning module UMG (69)
[2016.11.08-01.31.40:850][370]LogModuleManager: Shutting down and abandoning module Slate (68)
[2016.11.08-01.31.40:850][370]LogModuleManager: Shutting down and abandoning module EditorStyle (67)
[2016.11.08-01.31.40:851][370]LogModuleManager: Shutting down and abandoning module SessionServices (66)
[2016.11.08-01.31.40:851][370]LogModuleManager: Shutting down and abandoning module SourceCodeAccess (65)
[2016.11.08-01.31.40:851][370]LogModuleManager: Shutting down and abandoning module HeadMountedDisplay (64)
[2016.11.08-01.31.40:851][370]LogModuleManager: Shutting down and abandoning module XAudio2 (63)
[2016.11.08-01.31.40:851][370]LogModuleManager: Shutting down and abandoning module Networking (61)
[2016.11.08-01.31.40:851][370]LogModuleManager: Shutting down and abandoning module Core (60)
[2016.11.08-01.31.40:851][370]LogModuleManager: Shutting down and abandoning module KismetCompiler (59)
[2016.11.08-01.31.40:851][370]LogModuleManager: Shutting down and abandoning module PhysXFormats (58)
[2016.11.08-01.31.40:851][370]LogModuleManager: Shutting down and abandoning module MeshUtilities (57)
[2016.11.08-01.31.40:853][370]LogModuleManager: Shutting down and abandoning module DerivedDataCache (56)
[2016.11.08-01.31.40:977][370]LogDerivedDataCache: Shutdown
[2016.11.08-01.31.40:977][370]LogModuleManager: Shutting down and abandoning module ShaderFormatOpenGL (55)
[2016.11.08-01.31.40:979][370]LogModuleManager: Shutting down and abandoning module ShaderFormatD3D (54)
[2016.11.08-01.31.40:979][370]LogModuleManager: Shutting down and abandoning module MetalShaderFormat (53)
[2016.11.08-01.31.40:980][370]LogModuleManager: Shutting down and abandoning module TextureFormatUncompressed (52)
[2016.11.08-01.31.40:980][370]LogModuleManager: Shutting down and abandoning module TextureFormatPVR (51)
[2016.11.08-01.31.40:980][370]LogModuleManager: Shutting down and abandoning module TextureFormatIntelISPCTexComp (50)
[2016.11.08-01.31.40:980][370]LogModuleManager: Shutting down and abandoning module TextureFormatDXT (49)
[2016.11.08-01.31.40:980][370]LogModuleManager: Shutting down and abandoning module ImageWrapper (48)
[2016.11.08-01.31.40:980][370]LogModuleManager: Shutting down and abandoning module TextureFormatASTC (47)
[2016.11.08-01.31.40:980][370]LogModuleManager: Shutting down and abandoning module TextureFormatAndroid (46)
[2016.11.08-01.31.40:980][370]LogModuleManager: Shutting down and abandoning module AudioFormatOpus (45)
[2016.11.08-01.31.40:980][370]LogModuleManager: Shutting down and abandoning module AudioFormatOgg (44)
[2016.11.08-01.31.40:980][370]LogModuleManager: Shutting down and abandoning module AudioFormatADPCM (43)
[2016.11.08-01.31.40:980][370]LogModuleManager: Shutting down and abandoning module LinuxTargetPlatform (42)
[2016.11.08-01.31.40:980][370]LogModuleManager: Shutting down and abandoning module LinuxServerTargetPlatform (41)
[2016.11.08-01.31.40:980][370]LogModuleManager: Shutting down and abandoning module LinuxNoEditorTargetPlatform (40)
[2016.11.08-01.31.40:980][370]LogModuleManager: Shutting down and abandoning module Messaging (39)
[2016.11.08-01.31.40:980][370]LogModuleManager: Shutting down and abandoning module IOSTargetPlatform (38)
[2016.11.08-01.31.40:980][370]LogModuleManager: Shutting down and abandoning module HTML5TargetPlatform (37)
[2016.11.08-01.31.40:980][370]LogModuleManager: Shutting down and abandoning module Android_PVRTCTargetPlatform (36)
[2016.11.08-01.31.40:980][370]LogModuleManager: Shutting down and abandoning module Android_MultiTargetPlatform (35)
[2016.11.08-01.31.40:980][370]LogModuleManager: Shutting down and abandoning module Android_ETC2TargetPlatform (34)
[2016.11.08-01.31.40:980][370]LogModuleManager: Shutting down and abandoning module Android_ETC1TargetPlatform (33)
[2016.11.08-